c:\users\airsc\documents\code stuff\multimod\megamodloaderumlcustombuild\unrealmodloader-main\unrealenginemodloader\x64\release\vc141.pdb
c:\users\airsc\documents\code stuff\multimod\megamodloaderumlcustombuild\unrealmodloader-main\unrealenginemodloader\x64\release\dllmain.obj
c:\users\airsc\documents\code stuff\multimod\megamodloaderumlcustombuild\unrealmodloader-main\unrealenginemodloader\x64\release\mod.obj
c:\users\airsc\documents\code stuff\multimod\megamodloaderumlcustombuild\unrealmodloader-main\unrealenginemodloader\x64\release\loaderui.obj
c:\users\airsc\documents\code stuff\multimod\megamodloaderumlcustombuild\unrealmodloader-main\unrealenginemodloader\x64\release\hooks.obj
c:\users\airsc\documents\code stuff\multimod\megamodloaderumlcustombuild\unrealmodloader-main\unrealenginemodloader\x64\release\globals.obj
c:\users\airsc\documents\code stuff\multimod\megamodloaderumlcustombuild\unrealmodloader-main\unrealenginemodloader\x64\release\enginedeffinder.obj
c:\users\airsc\documents\code stuff\multimod\megamodloaderumlcustombuild\unrealmodloader-main\unrealenginemodloader\x64\release\dumper.obj
c:\users\airsc\documents\code stuff\multimod\megamodloaderumlcustombuild\unrealmodloader-main\unrealenginemodloader\x64\release\mem.obj
c:\users\airsc\documents\code stuff\multimod\megamodloaderumlcustombuild\unrealmodloader-main\unrealenginemodloader\x64\release\coremodloader.obj
c:\users\airsc\documents\code stuff\multimod\megamodloaderumlcustombuild\unrealmodloader-main\unrealenginemodloader\x64\release\gameinfo.obj
c:\users\airsc\documents\code stuff\multimod\megamodloaderumlcustombuild\unrealmodloader-main\unrealenginemodloader\x64\release\coreuobject_functions.obj
c:\users\airsc\documents\code stuff\multimod\megamodloaderumlcustombuild\unrealmodloader-main\unrealenginemodloader\x64\release\basic.obj
c:\users\airsc\documents\code stuff\multimod\megamodloaderumlcustombuild\unrealmodloader-main\unrealenginemodloader\x64\release\pakloader.obj
c:\users\airsc\documents\code stuff\multimod\megamodloaderumlcustombuild\unrealmodloader-main\unrealenginemodloader\x64\release\imgui_widgets.obj
c:\users\airsc\documents\code stuff\multimod\megamodloaderumlcustombuild\unrealmodloader-main\unrealenginemodloader\x64\release\imgui_tables.obj
c:\users\airsc\documents\code stuff\multimod\megamodloaderumlcustombuild\unrealmodloader-main\unrealenginemodloader\x64\release\imgui_impl_win32.obj
c:\users\airsc\documents\code stuff\multimod\megamodloaderumlcustombuild\unrealmodloader-main\unrealenginemodloader\x64\release\imgui_impl_dx11.obj
c:\users\airsc\documents\code stuff\multimod\megamodloaderumlcustombuild\unrealmodloader-main\unrealenginemodloader\x64\release\imgui_draw.obj
c:\users\airsc\documents\code stuff\multimod\megamodloaderumlcustombuild\unrealmodloader-main\unrealenginemodloader\x64\release\imgui_demo.obj
c:\users\airsc\documents\code stuff\multimod\megamodloaderumlcustombuild\unrealmodloader-main\unrealenginemodloader\x64\release\imgui.obj
c:\users\airsc\documents\code stuff\multimod\megamodloaderumlcustombuild\unrealmodloader-main\unrealenginemodloader\x64\release\logger.obj
e:\downloads\multimod\megamodloaderumlcustombuild\unrealmodloader-main\unrealenginemodloader\x64\release\unrealenginemodloader.lib
e:\downloads\multimod\megamodloaderumlcustombuild\unrealmodloader-main\unrealenginemodloader\x64\release\unrealenginemodloader.exp
e:\downloads\multimod\megamodloaderumlcustombuild\unrealmodloader-main\unrealenginemodloader\x64\release\unrealenginemodloader.ipdb
e:\downloads\multimod\megamodloaderumlcustombuild\unrealmodloader-main\unrealenginemodloader\x64\release\unrealenginemodloader.iobj
c:\users\airsc\documents\code stuff\multimod\megamodloaderumlcustombuild\unrealmodloader-main\unrealenginemodloader\x64\release\unrealenginemodloader.dll
c:\users\airsc\documents\code stuff\multimod\megamodloaderumlcustombuild\unrealmodloader-main\unrealenginemodloader\x64\release\unrealenginemodloader.pdb
c:\users\airsc\documents\code stuff\multimod\megamodloaderumlcustombuild\unrealmodloader-main\unrealenginemodloader\x64\release\unrealenginemodloader.lib
c:\users\airsc\documents\code stuff\multimod\megamodloaderumlcustombuild\unrealmodloader-main\unrealenginemodloader\x64\release\unrealenginemodloader.exp
c:\users\airsc\documents\code stuff\multimod\megamodloaderumlcustombuild\unrealmodloader-main\unrealenginemodloader\x64\release\unrealenginemodloader.ipdb
c:\users\airsc\documents\code stuff\multimod\megamodloaderumlcustombuild\unrealmodloader-main\unrealenginemodloader\x64\release\unrealenginemodloader.iobj
c:\users\airsc\documents\code stuff\multimod\megamodloaderumlcustombuild\unrealmodloader-main\unrealenginemodloader\x64\release\xinput1_3.exp
c:\users\airsc\documents\code stuff\multimod\megamodloaderumlcustombuild\unrealmodloader-main\unrealenginemodloader\x64\release\examplemod.pdb
c:\users\airsc\documents\code stuff\multimod\megamodloaderumlcustombuild\unrealmodloader-main\unrealenginemodloader\x64\release\unrealenginemodlauncher.pdb
c:\users\airsc\documents\code stuff\multimod\megamodloaderumlcustombuild\unrealmodloader-main\unrealenginemodloader\x64\release\vc143.pdb
c:\users\airsc\documents\code stuff\multimod\megamodloaderumlcustombuild\unrealmodloader-main\unrealenginemodloader\x64\release\xinput1_3.pdb
c:\users\airsc\documents\code stuff\multimod\megamodloaderumlcustombuild\unrealmodloader-main\unrealenginemodloader\x64\release\unrealen.de3bc2ad.tlog\cl.command.1.tlog
c:\users\airsc\documents\code stuff\multimod\megamodloaderumlcustombuild\unrealmodloader-main\unrealenginemodloader\x64\release\unrealen.de3bc2ad.tlog\cl.items.tlog
c:\users\airsc\documents\code stuff\multimod\megamodloaderumlcustombuild\unrealmodloader-main\unrealenginemodloader\x64\release\unrealen.de3bc2ad.tlog\cl.read.1.tlog
c:\users\airsc\documents\code stuff\multimod\megamodloaderumlcustombuild\unrealmodloader-main\unrealenginemodloader\x64\release\unrealen.de3bc2ad.tlog\cl.write.1.tlog
c:\users\airsc\documents\code stuff\multimod\megamodloaderumlcustombuild\unrealmodloader-main\unrealenginemodloader\x64\release\unrealen.de3bc2ad.tlog\link.command.1.tlog
c:\users\airsc\documents\code stuff\multimod\megamodloaderumlcustombuild\unrealmodloader-main\unrealenginemodloader\x64\release\unrealen.de3bc2ad.tlog\link.read.1.tlog
c:\users\airsc\documents\code stuff\multimod\megamodloaderumlcustombuild\unrealmodloader-main\unrealenginemodloader\x64\release\unrealen.de3bc2ad.tlog\link.write.1.tlog
c:\users\airsc\documents\code stuff\multimod\megamodloaderumlcustombuild\unrealmodloader-main\unrealenginemodloader\x64\release\unrealen.de3bc2ad.tlog\unrealenginemodloader.write.1u.tlog
