  GameInfo.cpp
E:\Downloads\MultiMod\MegaModLoaderUMLcustomBuild\UnrealModLoader-main\UnrealEngineModLoader\UnrealEngineModLoader\GameInfo\GameInfo.h(49,14): warning C4251: 'GameProfile::ProfileName': class 'std::basic_string<char,std::char_traits<char>,std::allocator<char>>' needs to have dll-interface to be used by clients of class 'GameProfile'
C:\Program Files\Microsoft Visual Studio\2022\Community\VC\Tools\MSVC\14.34.31933\include\xstring(5297,17): message : see declaration of 'std::basic_string<char,std::char_traits<char>,std::allocator<char>>'
E:\Downloads\MultiMod\MegaModLoaderUMLcustomBuild\UnrealModLoader-main\UnrealEngineModLoader\UnrealEngineModLoader\GameInfo\GameInfo.h(50,14): warning C4251: 'GameProfile::LoaderPath': class 'std::basic_string<char,std::char_traits<char>,std::allocator<char>>' needs to have dll-interface to be used by clients of class 'GameProfile'
C:\Program Files\Microsoft Visual Studio\2022\Community\VC\Tools\MSVC\14.34.31933\include\xstring(5297,17): message : see declaration of 'std::basic_string<char,std::char_traits<char>,std::allocator<char>>'
E:\Downloads\MultiMod\MegaModLoaderUMLcustomBuild\UnrealModLoader-main\UnrealEngineModLoader\UnrealEngineModLoader\GameInfo\GameInfo.h(52,14): warning C4251: 'GameProfile::BeginPlayOverwrite': class 'std::basic_string<char,std::char_traits<char>,std::allocator<char>>' needs to have dll-interface to be used by clients of class 'GameProfile'
C:\Program Files\Microsoft Visual Studio\2022\Community\VC\Tools\MSVC\14.34.31933\include\xstring(5297,17): message : see declaration of 'std::basic_string<char,std::char_traits<char>,std::allocator<char>>'
E:\Downloads\MultiMod\MegaModLoaderUMLcustomBuild\UnrealModLoader-main\UnrealEngineModLoader\UnrealEngineModLoader\Utilities\Logger.h(136,34): warning C4251: 'Log::LogArray': class 'std::vector<std::string,std::allocator<std::string>>' needs to have dll-interface to be used by clients of class 'Log'
E:\Downloads\MultiMod\MegaModLoaderUMLcustomBuild\UnrealModLoader-main\UnrealEngineModLoader\UnrealEngineModLoader\Utilities\Logger.h(136,14): message : see declaration of 'std::vector<std::string,std::allocator<std::string>>'
E:\Downloads\MultiMod\MegaModLoaderUMLcustomBuild\UnrealModLoader-main\UnrealEngineModLoader\UE4\Basic.hpp(216,29): warning C4018: '<': signed/unsigned mismatch
E:\Downloads\MultiMod\MegaModLoaderUMLcustomBuild\UnrealModLoader-main\UnrealEngineModLoader\UE4\Basic.hpp(247,78): warning C4018: '>=': signed/unsigned mismatch
E:\Downloads\MultiMod\MegaModLoaderUMLcustomBuild\UnrealModLoader-main\UnrealEngineModLoader\UnrealEngineModLoader\GameInfo\GameInfo.cpp(186,71): warning C4244: '=': conversion from 'DWORD' to 'uint16_t', possible loss of data
E:\Downloads\MultiMod\MegaModLoaderUMLcustomBuild\UnrealModLoader-main\UnrealEngineModLoader\UnrealEngineModLoader\GameInfo\GameInfo.cpp(187,71): warning C4244: '=': conversion from 'DWORD' to 'uint16_t', possible loss of data
E:\Downloads\MultiMod\MegaModLoaderUMLcustomBuild\UnrealModLoader-main\UnrealEngineModLoader\UnrealEngineModLoader\GameInfo\GameInfo.cpp(188,70): warning C4244: '=': conversion from 'DWORD' to 'uint16_t', possible loss of data
E:\Downloads\MultiMod\MegaModLoaderUMLcustomBuild\UnrealModLoader-main\UnrealEngineModLoader\UnrealEngineModLoader\GameInfo\GameInfo.cpp(189,71): warning C4244: '=': conversion from 'DWORD' to 'uint16_t', possible loss of data
E:\Downloads\MultiMod\MegaModLoaderUMLcustomBuild\UnrealModLoader-main\UnrealEngineModLoader\UnrealEngineModLoader\GameInfo\GameInfo.cpp(197,69): warning C4244: '=': conversion from 'DWORD' to 'uint16_t', possible loss of data
E:\Downloads\MultiMod\MegaModLoaderUMLcustomBuild\UnrealModLoader-main\UnrealEngineModLoader\UnrealEngineModLoader\GameInfo\GameInfo.cpp(203,77): warning C4244: '=': conversion from 'DWORD' to 'uint16_t', possible loss of data
E:\Downloads\MultiMod\MegaModLoaderUMLcustomBuild\UnrealModLoader-main\UnrealEngineModLoader\UnrealEngineModLoader\GameInfo\GameInfo.cpp(204,74): warning C4244: '=': conversion from 'DWORD' to 'uint16_t', possible loss of data
E:\Downloads\MultiMod\MegaModLoaderUMLcustomBuild\UnrealModLoader-main\UnrealEngineModLoader\UnrealEngineModLoader\GameInfo\GameInfo.cpp(205,80): warning C4244: '=': conversion from 'DWORD' to 'uint16_t', possible loss of data
E:\Downloads\MultiMod\MegaModLoaderUMLcustomBuild\UnrealModLoader-main\UnrealEngineModLoader\UnrealEngineModLoader\GameInfo\GameInfo.cpp(211,81): warning C4244: '=': conversion from 'DWORD' to 'uint16_t', possible loss of data
E:\Downloads\MultiMod\MegaModLoaderUMLcustomBuild\UnrealModLoader-main\UnrealEngineModLoader\UnrealEngineModLoader\GameInfo\GameInfo.cpp(212,72): warning C4244: '=': conversion from 'DWORD' to 'uint16_t', possible loss of data
E:\Downloads\MultiMod\MegaModLoaderUMLcustomBuild\UnrealModLoader-main\UnrealEngineModLoader\UnrealEngineModLoader\GameInfo\GameInfo.cpp(218,75): warning C4244: '=': conversion from 'DWORD' to 'uint16_t', possible loss of data
E:\Downloads\MultiMod\MegaModLoaderUMLcustomBuild\UnrealModLoader-main\UnrealEngineModLoader\UnrealEngineModLoader\GameInfo\GameInfo.cpp(219,73): warning C4244: '=': conversion from 'DWORD' to 'uint16_t', possible loss of data
E:\Downloads\MultiMod\MegaModLoaderUMLcustomBuild\UnrealModLoader-main\UnrealEngineModLoader\UnrealEngineModLoader\GameInfo\GameInfo.cpp(223,70): warning C4244: '=': conversion from 'DWORD' to 'uint16_t', possible loss of data
E:\Downloads\MultiMod\MegaModLoaderUMLcustomBuild\UnrealModLoader-main\UnrealEngineModLoader\UnrealEngineModLoader\GameInfo\GameInfo.cpp(224,70): warning C4244: '=': conversion from 'DWORD' to 'uint16_t', possible loss of data
     Creating library E:\Downloads\MultiMod\MegaModLoaderUMLcustomBuild\UnrealModLoader-main\UnrealEngineModLoader\x64\Release\UnrealEngineModLoader.lib and object E:\Downloads\MultiMod\MegaModLoaderUMLcustomBuild\UnrealModLoader-main\UnrealEngineModLoader\x64\Release\UnrealEngineModLoader.exp
LINK : warning LNK4098: defaultlib 'LIBCMTD' conflicts with use of other libs; use /NODEFAULTLIB:library
  Generating code
E:\Downloads\MultiMod\MegaModLoaderUMLcustomBuild\UnrealModLoader-main\UnrealEngineModLoader\UnrealEngineModLoader\Utilities\Logger.h(133): warning C4715: 'Log::DumpLog': not all control paths return a value
E:\Downloads\MultiMod\MegaModLoaderUMLcustomBuild\UnrealModLoader-main\UnrealEngineModLoader\UnrealEngineModLoader\Utilities\EngineDefFinder.cpp(302): warning C4715: 'ClassDefFinder::GetOverallUStructSize': not all control paths return a value
  4173 of 4197 functions (99.4%) were compiled, the rest were copied from previous compilation.
    53 functions were new in current compilation
    2 functions had inline decision re-evaluated but remain unchanged
  Finished generating code
  UnrealEngineModLoader.vcxproj -> E:\Downloads\MultiMod\MegaModLoaderUMLcustomBuild\UnrealModLoader-main\UnrealEngineModLoader\x64\Release\UnrealEngineModLoader.dll
