g:\unrealmodloader-main (1)\unrealmodloader-main\loaderautoinjector\x64\release\vc143.pdb
g:\unrealmodloader-main (1)\unrealmodloader-main\loaderautoinjector\x64\release\xinput1_3.obj
g:\unrealmodloader-main (1)\unrealmodloader-main\loaderautoinjector\x64\release\loader.obj
g:\unrealmodloader-main (1)\unrealmodloader-main\unrealenginemodloader\x64\release\xinput1_3.dll
g:\unrealmodloader-main (1)\unrealmodloader-main\loaderautoinjector\x64\release\xinput1_3.ipdb
g:\unrealmodloader-main (1)\unrealmodloader-main\unrealenginemodloader\x64\release\xinput1_3.pdb
g:\unrealmodloader-main (1)\unrealmodloader-main\loaderautoinjector\x64\release\xinput1_3.iobj
g:\unrealmodloader-main (1)\unrealmodloader-main\unrealenginemodloader\x64\release\xinput1_3.lib
g:\unrealmodloader-main (1)\unrealmodloader-main\unrealenginemodloader\x64\release\xinput1_3.exp
g:\unrealmodloader-main (1)\unrealmodloader-main\loaderautoinjector\x64\release\xinput1_3_asm.obj
g:\unrealmodloader-main (1)\unrealmodloader-main\loaderautoinjector\x64\release\loaderau.acd937da.tlog\cl.command.1.tlog
g:\unrealmodloader-main (1)\unrealmodloader-main\loaderautoinjector\x64\release\loaderau.acd937da.tlog\cl.items.tlog
g:\unrealmodloader-main (1)\unrealmodloader-main\loaderautoinjector\x64\release\loaderau.acd937da.tlog\cl.read.1.tlog
g:\unrealmodloader-main (1)\unrealmodloader-main\loaderautoinjector\x64\release\loaderau.acd937da.tlog\cl.write.1.tlog
g:\unrealmodloader-main (1)\unrealmodloader-main\loaderautoinjector\x64\release\loaderau.acd937da.tlog\link.command.1.tlog
g:\unrealmodloader-main (1)\unrealmodloader-main\loaderautoinjector\x64\release\loaderau.acd937da.tlog\link.read.1.tlog
g:\unrealmodloader-main (1)\unrealmodloader-main\loaderautoinjector\x64\release\loaderau.acd937da.tlog\link.write.1.tlog
g:\unrealmodloader-main (1)\unrealmodloader-main\loaderautoinjector\x64\release\loaderau.acd937da.tlog\link.write.2u.tlog
g:\unrealmodloader-main (1)\unrealmodloader-main\loaderautoinjector\x64\release\loaderau.acd937da.tlog\masm.read.1u.tlog
g:\unrealmodloader-main (1)\unrealmodloader-main\loaderautoinjector\x64\release\loaderau.acd937da.tlog\masm.write.1u.tlog
