  Basic.cpp
E:\Downloads\MultiMod\MegaModLoaderUMLcustomBuild\UnrealModLoader-main\UnrealEngineModLoader\UnrealEngineModLoader\GameInfo\GameInfo.h(49,14): warning C4251: 'GameProfile::ProfileName': class 'std::basic_string<char,std::char_traits<char>,std::allocator<char>>' needs to have dll-interface to be used by clients of class 'GameProfile'
C:\Program Files\Microsoft Visual Studio\2022\Community\VC\Tools\MSVC\14.34.31933\include\xstring(5297,17): message : see declaration of 'std::basic_string<char,std::char_traits<char>,std::allocator<char>>'
E:\Downloads\MultiMod\MegaModLoaderUMLcustomBuild\UnrealModLoader-main\UnrealEngineModLoader\UnrealEngineModLoader\GameInfo\GameInfo.h(50,14): warning C4251: 'GameProfile::LoaderPath': class 'std::basic_string<char,std::char_traits<char>,std::allocator<char>>' needs to have dll-interface to be used by clients of class 'GameProfile'
C:\Program Files\Microsoft Visual Studio\2022\Community\VC\Tools\MSVC\14.34.31933\include\xstring(5297,17): message : see declaration of 'std::basic_string<char,std::char_traits<char>,std::allocator<char>>'
E:\Downloads\MultiMod\MegaModLoaderUMLcustomBuild\UnrealModLoader-main\UnrealEngineModLoader\UnrealEngineModLoader\GameInfo\GameInfo.h(52,14): warning C4251: 'GameProfile::BeginPlayOverwrite': class 'std::basic_string<char,std::char_traits<char>,std::allocator<char>>' needs to have dll-interface to be used by clients of class 'GameProfile'
C:\Program Files\Microsoft Visual Studio\2022\Community\VC\Tools\MSVC\14.34.31933\include\xstring(5297,17): message : see declaration of 'std::basic_string<char,std::char_traits<char>,std::allocator<char>>'
E:\Downloads\MultiMod\MegaModLoaderUMLcustomBuild\UnrealModLoader-main\UnrealEngineModLoader\UnrealEngineModLoader\Utilities\Logger.h(136,34): warning C4251: 'Log::LogArray': class 'std::vector<std::string,std::allocator<std::string>>' needs to have dll-interface to be used by clients of class 'Log'
E:\Downloads\MultiMod\MegaModLoaderUMLcustomBuild\UnrealModLoader-main\UnrealEngineModLoader\UnrealEngineModLoader\Utilities\Logger.h(136,14): message : see declaration of 'std::vector<std::string,std::allocator<std::string>>'
E:\Downloads\MultiMod\MegaModLoaderUMLcustomBuild\UnrealModLoader-main\UnrealEngineModLoader\UE4\Basic.hpp(216,29): warning C4018: '<': signed/unsigned mismatch
E:\Downloads\MultiMod\MegaModLoaderUMLcustomBuild\UnrealModLoader-main\UnrealEngineModLoader\UE4\Basic.hpp(247,78): warning C4018: '>=': signed/unsigned mismatch
  CoreUObject_functions.cpp
E:\Downloads\MultiMod\MegaModLoaderUMLcustomBuild\UnrealModLoader-main\UnrealEngineModLoader\UnrealEngineModLoader\GameInfo\GameInfo.h(49,14): warning C4251: 'GameProfile::ProfileName': class 'std::basic_string<char,std::char_traits<char>,std::allocator<char>>' needs to have dll-interface to be used by clients of class 'GameProfile'
C:\Program Files\Microsoft Visual Studio\2022\Community\VC\Tools\MSVC\14.34.31933\include\xstring(5297,17): message : see declaration of 'std::basic_string<char,std::char_traits<char>,std::allocator<char>>'
E:\Downloads\MultiMod\MegaModLoaderUMLcustomBuild\UnrealModLoader-main\UnrealEngineModLoader\UnrealEngineModLoader\GameInfo\GameInfo.h(50,14): warning C4251: 'GameProfile::LoaderPath': class 'std::basic_string<char,std::char_traits<char>,std::allocator<char>>' needs to have dll-interface to be used by clients of class 'GameProfile'
C:\Program Files\Microsoft Visual Studio\2022\Community\VC\Tools\MSVC\14.34.31933\include\xstring(5297,17): message : see declaration of 'std::basic_string<char,std::char_traits<char>,std::allocator<char>>'
E:\Downloads\MultiMod\MegaModLoaderUMLcustomBuild\UnrealModLoader-main\UnrealEngineModLoader\UnrealEngineModLoader\GameInfo\GameInfo.h(52,14): warning C4251: 'GameProfile::BeginPlayOverwrite': class 'std::basic_string<char,std::char_traits<char>,std::allocator<char>>' needs to have dll-interface to be used by clients of class 'GameProfile'
C:\Program Files\Microsoft Visual Studio\2022\Community\VC\Tools\MSVC\14.34.31933\include\xstring(5297,17): message : see declaration of 'std::basic_string<char,std::char_traits<char>,std::allocator<char>>'
E:\Downloads\MultiMod\MegaModLoaderUMLcustomBuild\UnrealModLoader-main\UnrealEngineModLoader\UnrealEngineModLoader\Utilities\Logger.h(136,34): warning C4251: 'Log::LogArray': class 'std::vector<std::string,std::allocator<std::string>>' needs to have dll-interface to be used by clients of class 'Log'
E:\Downloads\MultiMod\MegaModLoaderUMLcustomBuild\UnrealModLoader-main\UnrealEngineModLoader\UnrealEngineModLoader\Utilities\Logger.h(136,14): message : see declaration of 'std::vector<std::string,std::allocator<std::string>>'
E:\Downloads\MultiMod\MegaModLoaderUMLcustomBuild\UnrealModLoader-main\UnrealEngineModLoader\UE4\Basic.hpp(216,29): warning C4018: '<': signed/unsigned mismatch
E:\Downloads\MultiMod\MegaModLoaderUMLcustomBuild\UnrealModLoader-main\UnrealEngineModLoader\UE4\Basic.hpp(247,78): warning C4018: '>=': signed/unsigned mismatch
  ExampleMod.cpp
E:\Downloads\MultiMod\MegaModLoaderUMLcustomBuild\UnrealModLoader-main\UnrealEngineModLoader\UnrealEngineModLoader\Utilities\Logger.h(136,34): warning C4251: 'Log::LogArray': class 'std::vector<std::string,std::allocator<std::string>>' needs to have dll-interface to be used by clients of class 'Log'
E:\Downloads\MultiMod\MegaModLoaderUMLcustomBuild\UnrealModLoader-main\UnrealEngineModLoader\UnrealEngineModLoader\Utilities\Logger.h(136,14): message : see declaration of 'std::vector<std::string,std::allocator<std::string>>'
E:\Downloads\MultiMod\MegaModLoaderUMLcustomBuild\UnrealModLoader-main\UnrealEngineModLoader\UnrealEngineModLoader\GameInfo\GameInfo.h(49,14): warning C4251: 'GameProfile::ProfileName': class 'std::basic_string<char,std::char_traits<char>,std::allocator<char>>' needs to have dll-interface to be used by clients of class 'GameProfile'
C:\Program Files\Microsoft Visual Studio\2022\Community\VC\Tools\MSVC\14.34.31933\include\xstring(5297,17): message : see declaration of 'std::basic_string<char,std::char_traits<char>,std::allocator<char>>'
E:\Downloads\MultiMod\MegaModLoaderUMLcustomBuild\UnrealModLoader-main\UnrealEngineModLoader\UnrealEngineModLoader\GameInfo\GameInfo.h(50,14): warning C4251: 'GameProfile::LoaderPath': class 'std::basic_string<char,std::char_traits<char>,std::allocator<char>>' needs to have dll-interface to be used by clients of class 'GameProfile'
C:\Program Files\Microsoft Visual Studio\2022\Community\VC\Tools\MSVC\14.34.31933\include\xstring(5297,17): message : see declaration of 'std::basic_string<char,std::char_traits<char>,std::allocator<char>>'
E:\Downloads\MultiMod\MegaModLoaderUMLcustomBuild\UnrealModLoader-main\UnrealEngineModLoader\UnrealEngineModLoader\GameInfo\GameInfo.h(52,14): warning C4251: 'GameProfile::BeginPlayOverwrite': class 'std::basic_string<char,std::char_traits<char>,std::allocator<char>>' needs to have dll-interface to be used by clients of class 'GameProfile'
C:\Program Files\Microsoft Visual Studio\2022\Community\VC\Tools\MSVC\14.34.31933\include\xstring(5297,17): message : see declaration of 'std::basic_string<char,std::char_traits<char>,std::allocator<char>>'
E:\Downloads\MultiMod\MegaModLoaderUMLcustomBuild\UnrealModLoader-main\UnrealEngineModLoader\UE4\Basic.hpp(216,29): warning C4018: '<': signed/unsigned mismatch
E:\Downloads\MultiMod\MegaModLoaderUMLcustomBuild\UnrealModLoader-main\UnrealEngineModLoader\UE4\Basic.hpp(247,78): warning C4018: '>=': signed/unsigned mismatch
C:\Program Files\Microsoft Visual Studio\2022\Community\VC\Tools\MSVC\14.34.31933\include\string_view(13): warning STL4038: The contents of <string_view> are available only with C++17 or later.
E:\Downloads\MultiMod\MegaModLoaderUMLcustomBuild\UnrealModLoader-main\UnrealEngineModLoader\UnrealEngineModLoader\Utilities\Globals.h(30,23): warning C4251: 'Global::ModInfoList': class 'std::vector<ModInfo,std::allocator<ModInfo>>' needs to have dll-interface to be used by clients of class 'Global'
E:\Downloads\MultiMod\MegaModLoaderUMLcustomBuild\UnrealModLoader-main\UnrealEngineModLoader\UnrealEngineModLoader\Utilities\Globals.h(30,7): message : see declaration of 'std::vector<ModInfo,std::allocator<ModInfo>>'
E:\Downloads\MultiMod\MegaModLoaderUMLcustomBuild\UnrealModLoader-main\UnrealEngineModLoader\UnrealEngineModLoader\Utilities\Globals.h(31,14): warning C4251: 'Global::GameName': class 'std::basic_string<char,std::char_traits<char>,std::allocator<char>>' needs to have dll-interface to be used by clients of class 'Global'
C:\Program Files\Microsoft Visual Studio\2022\Community\VC\Tools\MSVC\14.34.31933\include\xstring(5297,17): message : see declaration of 'std::basic_string<char,std::char_traits<char>,std::allocator<char>>'
E:\Downloads\MultiMod\MegaModLoaderUMLcustomBuild\UnrealModLoader-main\UnrealEngineModLoader\UnrealEngineModLoader\Utilities\Globals.h(33,26): warning C4251: 'Global::CoreMods': class 'std::vector<Mod *,std::allocator<Mod *>>' needs to have dll-interface to be used by clients of class 'Global'
E:\Downloads\MultiMod\MegaModLoaderUMLcustomBuild\UnrealModLoader-main\UnrealEngineModLoader\UnrealEngineModLoader\Utilities\Globals.h(33,7): message : see declaration of 'std::vector<Mod *,std::allocator<Mod *>>'
E:\Downloads\MultiMod\MegaModLoaderUMLcustomBuild\UnrealModLoader-main\UnrealEngineModLoader\UnrealEngineModLoader\Utilities\Globals.h(34,33): warning C4251: 'Global::BPFunctionWrappers': class 'std::vector<Global::BPFunctionWrapper,std::allocator<Global::BPFunctionWrapper>>' needs to have dll-interface to be used by clients of class 'Global'
E:\Downloads\MultiMod\MegaModLoaderUMLcustomBuild\UnrealModLoader-main\UnrealEngineModLoader\UnrealEngineModLoader\Utilities\Globals.h(34,7): message : see declaration of 'std::vector<Global::BPFunctionWrapper,std::allocator<Global::BPFunctionWrapper>>'
E:\Downloads\MultiMod\MegaModLoaderUMLcustomBuild\UnrealModLoader-main\UnrealEngineModLoader\UnrealEngineModLoader\Utilities\Globals.h(35,18): warning C4251: 'Global::eventSystem': class 'EventDispatcher' needs to have dll-interface to be used by clients of class 'Global'
E:\Downloads\MultiMod\MegaModLoaderUMLcustomBuild\UnrealModLoader-main\UnrealEngineModLoader\EventSystem.h(39,7): message : see declaration of 'EventDispatcher'
E:\Downloads\MultiMod\MegaModLoaderUMLcustomBuild\UnrealModLoader-main\UnrealEngineModLoader\UnrealEngineModLoader\Mod\Mod.h(13,14): warning C4251: 'Mod::ModName': class 'std::basic_string<char,std::char_traits<char>,std::allocator<char>>' needs to have dll-interface to be used by clients of class 'Mod'
C:\Program Files\Microsoft Visual Studio\2022\Community\VC\Tools\MSVC\14.34.31933\include\xstring(5297,17): message : see declaration of 'std::basic_string<char,std::char_traits<char>,std::allocator<char>>'
E:\Downloads\MultiMod\MegaModLoaderUMLcustomBuild\UnrealModLoader-main\UnrealEngineModLoader\UnrealEngineModLoader\Mod\Mod.h(14,14): warning C4251: 'Mod::ModVersion': class 'std::basic_string<char,std::char_traits<char>,std::allocator<char>>' needs to have dll-interface to be used by clients of class 'Mod'
C:\Program Files\Microsoft Visual Studio\2022\Community\VC\Tools\MSVC\14.34.31933\include\xstring(5297,17): message : see declaration of 'std::basic_string<char,std::char_traits<char>,std::allocator<char>>'
E:\Downloads\MultiMod\MegaModLoaderUMLcustomBuild\UnrealModLoader-main\UnrealEngineModLoader\UnrealEngineModLoader\Mod\Mod.h(15,14): warning C4251: 'Mod::ModDescription': class 'std::basic_string<char,std::char_traits<char>,std::allocator<char>>' needs to have dll-interface to be used by clients of class 'Mod'
C:\Program Files\Microsoft Visual Studio\2022\Community\VC\Tools\MSVC\14.34.31933\include\xstring(5297,17): message : see declaration of 'std::basic_string<char,std::char_traits<char>,std::allocator<char>>'
E:\Downloads\MultiMod\MegaModLoaderUMLcustomBuild\UnrealModLoader-main\UnrealEngineModLoader\UnrealEngineModLoader\Mod\Mod.h(16,14): warning C4251: 'Mod::ModAuthors': class 'std::basic_string<char,std::char_traits<char>,std::allocator<char>>' needs to have dll-interface to be used by clients of class 'Mod'
C:\Program Files\Microsoft Visual Studio\2022\Community\VC\Tools\MSVC\14.34.31933\include\xstring(5297,17): message : see declaration of 'std::basic_string<char,std::char_traits<char>,std::allocator<char>>'
E:\Downloads\MultiMod\MegaModLoaderUMLcustomBuild\UnrealModLoader-main\UnrealEngineModLoader\UnrealEngineModLoader\Mod\Mod.h(17,14): warning C4251: 'Mod::ModLoaderVersion': class 'std::basic_string<char,std::char_traits<char>,std::allocator<char>>' needs to have dll-interface to be used by clients of class 'Mod'
C:\Program Files\Microsoft Visual Studio\2022\Community\VC\Tools\MSVC\14.34.31933\include\xstring(5297,17): message : see declaration of 'std::basic_string<char,std::char_traits<char>,std::allocator<char>>'
  dllmain.cpp
E:\Downloads\MultiMod\MegaModLoaderUMLcustomBuild\UnrealModLoader-main\UnrealEngineModLoader\UnrealEngineModLoader\Utilities\Logger.h(136,34): warning C4251: 'Log::LogArray': class 'std::vector<std::string,std::allocator<std::string>>' needs to have dll-interface to be used by clients of class 'Log'
E:\Downloads\MultiMod\MegaModLoaderUMLcustomBuild\UnrealModLoader-main\UnrealEngineModLoader\UnrealEngineModLoader\Utilities\Logger.h(136,14): message : see declaration of 'std::vector<std::string,std::allocator<std::string>>'
E:\Downloads\MultiMod\MegaModLoaderUMLcustomBuild\UnrealModLoader-main\UnrealEngineModLoader\UnrealEngineModLoader\GameInfo\GameInfo.h(49,14): warning C4251: 'GameProfile::ProfileName': class 'std::basic_string<char,std::char_traits<char>,std::allocator<char>>' needs to have dll-interface to be used by clients of class 'GameProfile'
C:\Program Files\Microsoft Visual Studio\2022\Community\VC\Tools\MSVC\14.34.31933\include\xstring(5297,17): message : see declaration of 'std::basic_string<char,std::char_traits<char>,std::allocator<char>>'
E:\Downloads\MultiMod\MegaModLoaderUMLcustomBuild\UnrealModLoader-main\UnrealEngineModLoader\UnrealEngineModLoader\GameInfo\GameInfo.h(50,14): warning C4251: 'GameProfile::LoaderPath': class 'std::basic_string<char,std::char_traits<char>,std::allocator<char>>' needs to have dll-interface to be used by clients of class 'GameProfile'
C:\Program Files\Microsoft Visual Studio\2022\Community\VC\Tools\MSVC\14.34.31933\include\xstring(5297,17): message : see declaration of 'std::basic_string<char,std::char_traits<char>,std::allocator<char>>'
E:\Downloads\MultiMod\MegaModLoaderUMLcustomBuild\UnrealModLoader-main\UnrealEngineModLoader\UnrealEngineModLoader\GameInfo\GameInfo.h(52,14): warning C4251: 'GameProfile::BeginPlayOverwrite': class 'std::basic_string<char,std::char_traits<char>,std::allocator<char>>' needs to have dll-interface to be used by clients of class 'GameProfile'
C:\Program Files\Microsoft Visual Studio\2022\Community\VC\Tools\MSVC\14.34.31933\include\xstring(5297,17): message : see declaration of 'std::basic_string<char,std::char_traits<char>,std::allocator<char>>'
E:\Downloads\MultiMod\MegaModLoaderUMLcustomBuild\UnrealModLoader-main\UnrealEngineModLoader\UE4\Basic.hpp(216,29): warning C4018: '<': signed/unsigned mismatch
E:\Downloads\MultiMod\MegaModLoaderUMLcustomBuild\UnrealModLoader-main\UnrealEngineModLoader\UE4\Basic.hpp(247,78): warning C4018: '>=': signed/unsigned mismatch
C:\Program Files\Microsoft Visual Studio\2022\Community\VC\Tools\MSVC\14.34.31933\include\string_view(13): warning STL4038: The contents of <string_view> are available only with C++17 or later.
E:\Downloads\MultiMod\MegaModLoaderUMLcustomBuild\UnrealModLoader-main\UnrealEngineModLoader\UnrealEngineModLoader\Utilities\Globals.h(30,23): warning C4251: 'Global::ModInfoList': class 'std::vector<ModInfo,std::allocator<ModInfo>>' needs to have dll-interface to be used by clients of class 'Global'
E:\Downloads\MultiMod\MegaModLoaderUMLcustomBuild\UnrealModLoader-main\UnrealEngineModLoader\UnrealEngineModLoader\Utilities\Globals.h(30,7): message : see declaration of 'std::vector<ModInfo,std::allocator<ModInfo>>'
E:\Downloads\MultiMod\MegaModLoaderUMLcustomBuild\UnrealModLoader-main\UnrealEngineModLoader\UnrealEngineModLoader\Utilities\Globals.h(31,14): warning C4251: 'Global::GameName': class 'std::basic_string<char,std::char_traits<char>,std::allocator<char>>' needs to have dll-interface to be used by clients of class 'Global'
C:\Program Files\Microsoft Visual Studio\2022\Community\VC\Tools\MSVC\14.34.31933\include\xstring(5297,17): message : see declaration of 'std::basic_string<char,std::char_traits<char>,std::allocator<char>>'
E:\Downloads\MultiMod\MegaModLoaderUMLcustomBuild\UnrealModLoader-main\UnrealEngineModLoader\UnrealEngineModLoader\Utilities\Globals.h(33,26): warning C4251: 'Global::CoreMods': class 'std::vector<Mod *,std::allocator<Mod *>>' needs to have dll-interface to be used by clients of class 'Global'
E:\Downloads\MultiMod\MegaModLoaderUMLcustomBuild\UnrealModLoader-main\UnrealEngineModLoader\UnrealEngineModLoader\Utilities\Globals.h(33,7): message : see declaration of 'std::vector<Mod *,std::allocator<Mod *>>'
E:\Downloads\MultiMod\MegaModLoaderUMLcustomBuild\UnrealModLoader-main\UnrealEngineModLoader\UnrealEngineModLoader\Utilities\Globals.h(34,33): warning C4251: 'Global::BPFunctionWrappers': class 'std::vector<Global::BPFunctionWrapper,std::allocator<Global::BPFunctionWrapper>>' needs to have dll-interface to be used by clients of class 'Global'
E:\Downloads\MultiMod\MegaModLoaderUMLcustomBuild\UnrealModLoader-main\UnrealEngineModLoader\UnrealEngineModLoader\Utilities\Globals.h(34,7): message : see declaration of 'std::vector<Global::BPFunctionWrapper,std::allocator<Global::BPFunctionWrapper>>'
E:\Downloads\MultiMod\MegaModLoaderUMLcustomBuild\UnrealModLoader-main\UnrealEngineModLoader\UnrealEngineModLoader\Utilities\Globals.h(35,18): warning C4251: 'Global::eventSystem': class 'EventDispatcher' needs to have dll-interface to be used by clients of class 'Global'
E:\Downloads\MultiMod\MegaModLoaderUMLcustomBuild\UnrealModLoader-main\UnrealEngineModLoader\EventSystem.h(39,7): message : see declaration of 'EventDispatcher'
E:\Downloads\MultiMod\MegaModLoaderUMLcustomBuild\UnrealModLoader-main\UnrealEngineModLoader\UnrealEngineModLoader\Mod\Mod.h(13,14): warning C4251: 'Mod::ModName': class 'std::basic_string<char,std::char_traits<char>,std::allocator<char>>' needs to have dll-interface to be used by clients of class 'Mod'
C:\Program Files\Microsoft Visual Studio\2022\Community\VC\Tools\MSVC\14.34.31933\include\xstring(5297,17): message : see declaration of 'std::basic_string<char,std::char_traits<char>,std::allocator<char>>'
E:\Downloads\MultiMod\MegaModLoaderUMLcustomBuild\UnrealModLoader-main\UnrealEngineModLoader\UnrealEngineModLoader\Mod\Mod.h(14,14): warning C4251: 'Mod::ModVersion': class 'std::basic_string<char,std::char_traits<char>,std::allocator<char>>' needs to have dll-interface to be used by clients of class 'Mod'
C:\Program Files\Microsoft Visual Studio\2022\Community\VC\Tools\MSVC\14.34.31933\include\xstring(5297,17): message : see declaration of 'std::basic_string<char,std::char_traits<char>,std::allocator<char>>'
E:\Downloads\MultiMod\MegaModLoaderUMLcustomBuild\UnrealModLoader-main\UnrealEngineModLoader\UnrealEngineModLoader\Mod\Mod.h(15,14): warning C4251: 'Mod::ModDescription': class 'std::basic_string<char,std::char_traits<char>,std::allocator<char>>' needs to have dll-interface to be used by clients of class 'Mod'
C:\Program Files\Microsoft Visual Studio\2022\Community\VC\Tools\MSVC\14.34.31933\include\xstring(5297,17): message : see declaration of 'std::basic_string<char,std::char_traits<char>,std::allocator<char>>'
E:\Downloads\MultiMod\MegaModLoaderUMLcustomBuild\UnrealModLoader-main\UnrealEngineModLoader\UnrealEngineModLoader\Mod\Mod.h(16,14): warning C4251: 'Mod::ModAuthors': class 'std::basic_string<char,std::char_traits<char>,std::allocator<char>>' needs to have dll-interface to be used by clients of class 'Mod'
C:\Program Files\Microsoft Visual Studio\2022\Community\VC\Tools\MSVC\14.34.31933\include\xstring(5297,17): message : see declaration of 'std::basic_string<char,std::char_traits<char>,std::allocator<char>>'
E:\Downloads\MultiMod\MegaModLoaderUMLcustomBuild\UnrealModLoader-main\UnrealEngineModLoader\UnrealEngineModLoader\Mod\Mod.h(17,14): warning C4251: 'Mod::ModLoaderVersion': class 'std::basic_string<char,std::char_traits<char>,std::allocator<char>>' needs to have dll-interface to be used by clients of class 'Mod'
C:\Program Files\Microsoft Visual Studio\2022\Community\VC\Tools\MSVC\14.34.31933\include\xstring(5297,17): message : see declaration of 'std::basic_string<char,std::char_traits<char>,std::allocator<char>>'
  Generating code
  0 of 220 functions ( 0.0%) were compiled, the rest were copied from previous compilation.
    0 functions were new in current compilation
    0 functions had inline decision re-evaluated but remain unchanged
  Finished generating code
  ExampleMod.vcxproj -> E:\Downloads\MultiMod\MegaModLoaderUMLcustomBuild\UnrealModLoader-main\UnrealEngineModLoader\x64\Release\ExampleMod.dll
