"E:/Downloads/MultiMod/MultiModUEProject/Content/UpdateGameTimeComponent.uasset" 0
"E:/Downloads/MultiMod/MultiModUEProject/Content/UpdateGameTimeComponent.uexp" 1
"E:/Downloads/MultiMod/MultiModUEProject/Content/Blueprints/ChestBP.uasset" 2
"E:/Downloads/MultiMod/MultiModUEProject/Content/Blueprints/ChestBP.uexp" 3
"E:/Downloads/MultiMod/MultiModUEProject/Content/Blueprints/HeartDropBP.uasset" 4
"E:/Downloads/MultiMod/MultiModUEProject/Content/Blueprints/HeartDropBP.uexp" 5
"E:/Downloads/MultiMod/MultiModUEProject/Content/Blueprints/MoonManDistortionActor1.uasset" 6
"E:/Downloads/MultiMod/MultiModUEProject/Content/Blueprints/MoonManDistortionActor1.uexp" 7
"E:/Downloads/MultiMod/MultiModUEProject/Content/Blueprints/PlayerPawn.uasset" 8
"E:/Downloads/MultiMod/MultiModUEProject/Content/Blueprints/PlayerPawn.uexp" 9
"E:/Downloads/MultiMod/MultiModUEProject/Content/Blueprints/VannyDistortionActor.uasset" 10
"E:/Downloads/MultiMod/MultiModUEProject/Content/Blueprints/VannyDistortionActor.uexp" 11
"E:/Downloads/MultiMod/MultiModUEProject/Content/Blueprints/AI/Freddy/FreddyAttackBT.uasset" 12
"E:/Downloads/MultiMod/MultiModUEProject/Content/Blueprints/AI/Freddy/FreddyAttackBT.uexp" 13
"E:/Downloads/MultiMod/MultiModUEProject/Content/Blueprints/AI/LilMusicMan/LMM_Jumpscare.uasset" 14
"E:/Downloads/MultiMod/MultiModUEProject/Content/Blueprints/AI/LilMusicMan/LMM_Jumpscare.uexp" 15
"E:/Downloads/MultiMod/MultiModUEProject/Content/Blueprints/AI/MoonMan/MoonMan_Jumpscare.uasset" 16
"E:/Downloads/MultiMod/MultiModUEProject/Content/Blueprints/AI/MoonMan/MoonMan_Jumpscare.uexp" 17
"E:/Downloads/MultiMod/MultiModUEProject/Content/Blueprints/AI/Seeker/AISeekerBT.uasset" 18
"E:/Downloads/MultiMod/MultiModUEProject/Content/Blueprints/AI/Seeker/AISeekerBT.uexp" 19
"E:/Downloads/MultiMod/MultiModUEProject/Content/Blueprints/AI/Seeker/HideSpotSearchBT.uasset" 20
"E:/Downloads/MultiMod/MultiModUEProject/Content/Blueprints/AI/Seeker/HideSpotSearchBT.uexp" 21
"E:/Downloads/MultiMod/MultiModUEProject/Content/Blueprints/AI/Seeker/BurnTrap/AISeeker_BurntrapOfficeBT.uasset" 22
"E:/Downloads/MultiMod/MultiModUEProject/Content/Blueprints/AI/Seeker/BurnTrap/AISeeker_BurntrapOfficeBT.uexp" 23
"E:/Downloads/MultiMod/MultiModUEProject/Content/Blueprints/AI/Seeker/BurnTrap/BurnTrap.uasset" 24
"E:/Downloads/MultiMod/MultiModUEProject/Content/Blueprints/AI/Seeker/BurnTrap/BurnTrap.uexp" 25
"E:/Downloads/MultiMod/MultiModUEProject/Content/Blueprints/AI/Seeker/BurnTrap/TentacleController.uasset" 26
"E:/Downloads/MultiMod/MultiModUEProject/Content/Blueprints/AI/Seeker/BurnTrap/TentacleController.uexp" 27
"E:/Downloads/MultiMod/MultiModUEProject/Content/Blueprints/AI/Seeker/Chica/AIChicaBT.uasset" 28
"E:/Downloads/MultiMod/MultiModUEProject/Content/Blueprints/AI/Seeker/Chica/AIChicaBT.uexp" 29
"E:/Downloads/MultiMod/MultiModUEProject/Content/Blueprints/AI/Seeker/Chica/Chica.uasset" 30
"E:/Downloads/MultiMod/MultiModUEProject/Content/Blueprints/AI/Seeker/Chica/Chica.uexp" 31
"E:/Downloads/MultiMod/MultiModUEProject/Content/Blueprints/AI/Seeker/Chica/ChicaStandard.uasset" 32
"E:/Downloads/MultiMod/MultiModUEProject/Content/Blueprints/AI/Seeker/Chica/ChicaStandard.uexp" 33
"E:/Downloads/MultiMod/MultiModUEProject/Content/Blueprints/AI/Seeker/Endo/Endo.uasset" 34
"E:/Downloads/MultiMod/MultiModUEProject/Content/Blueprints/AI/Seeker/Endo/Endo.uexp" 35
"E:/Downloads/MultiMod/MultiModUEProject/Content/Blueprints/AI/Seeker/Endo/EndoBT.uasset" 36
"E:/Downloads/MultiMod/MultiModUEProject/Content/Blueprints/AI/Seeker/Endo/EndoBT.uexp" 37
"E:/Downloads/MultiMod/MultiModUEProject/Content/Blueprints/AI/Seeker/Endo/EndoFreezeBT.uasset" 38
"E:/Downloads/MultiMod/MultiModUEProject/Content/Blueprints/AI/Seeker/Endo/EndoFreezeBT.uexp" 39
"E:/Downloads/MultiMod/MultiModUEProject/Content/Blueprints/AI/Seeker/Monty/MontyBB.uasset" 40
"E:/Downloads/MultiMod/MultiModUEProject/Content/Blueprints/AI/Seeker/Monty/MontyBB.uexp" 41
"E:/Downloads/MultiMod/MultiModUEProject/Content/Blueprints/AI/Seeker/Monty/MontyBT.uasset" 42
"E:/Downloads/MultiMod/MultiModUEProject/Content/Blueprints/AI/Seeker/Monty/MontyBT.uexp" 43
"E:/Downloads/MultiMod/MultiModUEProject/Content/Blueprints/AI/Seeker/Monty/MontyStandard.uasset" 44
"E:/Downloads/MultiMod/MultiModUEProject/Content/Blueprints/AI/Seeker/Monty/MontyStandard.uexp" 45
"E:/Downloads/MultiMod/MultiModUEProject/Content/Blueprints/AI/Seeker/Monty/MontyBoss/AIMontyBossBT.uasset" 46
"E:/Downloads/MultiMod/MultiModUEProject/Content/Blueprints/AI/Seeker/Monty/MontyBoss/AIMontyBossBT.uexp" 47
"E:/Downloads/MultiMod/MultiModUEProject/Content/Blueprints/AI/Seeker/Monty/MontyShowtime/MontyShowtimeBT.uasset" 48
"E:/Downloads/MultiMod/MultiModUEProject/Content/Blueprints/AI/Seeker/Monty/MontyShowtime/MontyShowtimeBT.uexp" 49
"E:/Downloads/MultiMod/MultiModUEProject/Content/Blueprints/AI/Seeker/Monty/MontyShowtime/MontyShowtimeMission.uasset" 50
"E:/Downloads/MultiMod/MultiModUEProject/Content/Blueprints/AI/Seeker/Monty/MontyShowtime/MontyShowtimeMission.uexp" 51
"E:/Downloads/MultiMod/MultiModUEProject/Content/Blueprints/AI/Seeker/Moonman/Moonman.uasset" 52
"E:/Downloads/MultiMod/MultiModUEProject/Content/Blueprints/AI/Seeker/Moonman/Moonman.uexp" 53
"E:/Downloads/MultiMod/MultiModUEProject/Content/Blueprints/AI/Seeker/Moonman/MoonmanFollowSplineBT.uasset" 54
"E:/Downloads/MultiMod/MultiModUEProject/Content/Blueprints/AI/Seeker/Moonman/MoonmanFollowSplineBT.uexp" 55
"E:/Downloads/MultiMod/MultiModUEProject/Content/Blueprints/AI/Seeker/Moonman/MoonmanPhase1BT.uasset" 56
"E:/Downloads/MultiMod/MultiModUEProject/Content/Blueprints/AI/Seeker/Moonman/MoonmanPhase1BT.uexp" 57
"E:/Downloads/MultiMod/MultiModUEProject/Content/Blueprints/AI/Seeker/Moonman/MoonmanPhase2BT.uasset" 58
"E:/Downloads/MultiMod/MultiModUEProject/Content/Blueprints/AI/Seeker/Moonman/MoonmanPhase2BT.uexp" 59
"E:/Downloads/MultiMod/MultiModUEProject/Content/Blueprints/AI/Seeker/Moonman/Sunman.uasset" 60
"E:/Downloads/MultiMod/MultiModUEProject/Content/Blueprints/AI/Seeker/Moonman/Sunman.uexp" 61
"E:/Downloads/MultiMod/MultiModUEProject/Content/Blueprints/AI/Seeker/Roxy/Roxy.uasset" 62
"E:/Downloads/MultiMod/MultiModUEProject/Content/Blueprints/AI/Seeker/Roxy/Roxy.uexp" 63
"E:/Downloads/MultiMod/MultiModUEProject/Content/Blueprints/AI/Seeker/Roxy/RoxyStandard.uasset" 64
"E:/Downloads/MultiMod/MultiModUEProject/Content/Blueprints/AI/Seeker/Roxy/RoxyStandard.uexp" 65
"E:/Downloads/MultiMod/MultiModUEProject/Content/Blueprints/AI/Seeker/Roxy/Tasks/CalcRoxyLeap.uasset" 66
"E:/Downloads/MultiMod/MultiModUEProject/Content/Blueprints/AI/Seeker/Roxy/Tasks/CalcRoxyLeap.uexp" 67
"E:/Downloads/MultiMod/MultiModUEProject/Content/Blueprints/AI/Seeker/Roxy/Tasks/MontyLeap.uasset" 68
"E:/Downloads/MultiMod/MultiModUEProject/Content/Blueprints/AI/Seeker/Roxy/Tasks/MontyLeap.uexp" 69
"E:/Downloads/MultiMod/MultiModUEProject/Content/Blueprints/AI/Seeker/ShatteredChica/shatteredChica.uasset" 70
"E:/Downloads/MultiMod/MultiModUEProject/Content/Blueprints/AI/Seeker/ShatteredChica/shatteredChica.uexp" 71
"E:/Downloads/MultiMod/MultiModUEProject/Content/Blueprints/AI/Seeker/ShatteredMonty/shatteredMonty.uasset" 72
"E:/Downloads/MultiMod/MultiModUEProject/Content/Blueprints/AI/Seeker/ShatteredMonty/shatteredMonty.uexp" 73
"E:/Downloads/MultiMod/MultiModUEProject/Content/Blueprints/AI/Seeker/ShatteredRoxy/shatteredRoxy.uasset" 74
"E:/Downloads/MultiMod/MultiModUEProject/Content/Blueprints/AI/Seeker/ShatteredRoxy/shatteredRoxy.uexp" 75
"E:/Downloads/MultiMod/MultiModUEProject/Content/Blueprints/AI/Seeker/TangleBlob/TangleBlob.uasset" 76
"E:/Downloads/MultiMod/MultiModUEProject/Content/Blueprints/AI/Seeker/TangleBlob/TangleBlob.uexp" 77
"E:/Downloads/MultiMod/MultiModUEProject/Content/Blueprints/AI/Seeker/Vanessa/Vanessa.uasset" 78
"E:/Downloads/MultiMod/MultiModUEProject/Content/Blueprints/AI/Seeker/Vanessa/Vanessa.uexp" 79
"E:/Downloads/MultiMod/MultiModUEProject/Content/Blueprints/AI/StaffBot/CautionBot/CautionBot.uasset" 80
"E:/Downloads/MultiMod/MultiModUEProject/Content/Blueprints/AI/StaffBot/CautionBot/CautionBot.uexp" 81
"E:/Downloads/MultiMod/MultiModUEProject/Content/Blueprints/AI/StaffBot/CautionBot/CautionBotBT.uasset" 82
"E:/Downloads/MultiMod/MultiModUEProject/Content/Blueprints/AI/StaffBot/CautionBot/CautionBotBT.uexp" 83
"E:/Downloads/MultiMod/MultiModUEProject/Content/Blueprints/AI/StaffBot/ChefBot/ChefBot.uasset" 84
"E:/Downloads/MultiMod/MultiModUEProject/Content/Blueprints/AI/StaffBot/ChefBot/ChefBot.uexp" 85
"E:/Downloads/MultiMod/MultiModUEProject/Content/Blueprints/AI/StaffBot/MapBot/MapBot.uasset" 86
"E:/Downloads/MultiMod/MultiModUEProject/Content/Blueprints/AI/StaffBot/MapBot/MapBot.uexp" 87
"E:/Downloads/MultiMod/MultiModUEProject/Content/Blueprints/AI/StaffBot/MapBot/MapBot_Warehouse.uasset" 88
"E:/Downloads/MultiMod/MultiModUEProject/Content/Blueprints/AI/StaffBot/MapBot/MapBot_Warehouse.uexp" 89
"E:/Downloads/MultiMod/MultiModUEProject/Content/Blueprints/AI/StaffBot/PartyPassBot/StaffBotPartyPass.uasset" 90
"E:/Downloads/MultiMod/MultiModUEProject/Content/Blueprints/AI/StaffBot/PartyPassBot/StaffBotPartyPass.uexp" 91
"E:/Downloads/MultiMod/MultiModUEProject/Content/Blueprints/AI/StaffBot/Racer/StaffBotRacer.uasset" 92
"E:/Downloads/MultiMod/MultiModUEProject/Content/Blueprints/AI/StaffBot/Racer/StaffBotRacer.uexp" 93
"E:/Downloads/MultiMod/MultiModUEProject/Content/Blueprints/AI/StaffBot/Security/Patrol/StaffBotSecurityPatrol.uasset" 94
"E:/Downloads/MultiMod/MultiModUEProject/Content/Blueprints/AI/StaffBot/Security/Patrol/StaffBotSecurityPatrol.uexp" 95
"E:/Downloads/MultiMod/MultiModUEProject/Content/Blueprints/AI/StaffBot/Security/Patrol/StaffBotSecurityPatrolBT.uasset" 96
"E:/Downloads/MultiMod/MultiModUEProject/Content/Blueprints/AI/StaffBot/Security/Patrol/StaffBotSecurityPatrolBT.uexp" 97
"E:/Downloads/MultiMod/MultiModUEProject/Content/Blueprints/AI/StaffBot/Security/Patrol/StaffBotSecurityPatrol_Nightmarrion.uasset" 98
"E:/Downloads/MultiMod/MultiModUEProject/Content/Blueprints/AI/StaffBot/Security/Patrol/StaffBotSecurityPatrol_Nightmarrion.uexp" 99
"E:/Downloads/MultiMod/MultiModUEProject/Content/Blueprints/AI/StaffBot/Worker/ClapBot/ClapBot.uasset" 100
"E:/Downloads/MultiMod/MultiModUEProject/Content/Blueprints/AI/StaffBot/Worker/ClapBot/ClapBot.uexp" 101
"E:/Downloads/MultiMod/MultiModUEProject/Content/Blueprints/AI/StaffBot/Worker/Cleaning/StaffBotCleaning.uasset" 102
"E:/Downloads/MultiMod/MultiModUEProject/Content/Blueprints/AI/StaffBot/Worker/Cleaning/StaffBotCleaning.uexp" 103
"E:/Downloads/MultiMod/MultiModUEProject/Content/Blueprints/AI/StaffBot/Worker/Entertainer/StaffBotTalent.uasset" 104
"E:/Downloads/MultiMod/MultiModUEProject/Content/Blueprints/AI/StaffBot/Worker/Entertainer/StaffBotTalent.uexp" 105
"E:/Downloads/MultiMod/MultiModUEProject/Content/Blueprints/AI/Tasks/Alert/SendAlert.uasset" 106
"E:/Downloads/MultiMod/MultiModUEProject/Content/Blueprints/AI/Tasks/Alert/SendAlert.uexp" 107
"E:/Downloads/MultiMod/MultiModUEProject/Content/Blueprints/AI/Tasks/Alert/StopAlert.uasset" 108
"E:/Downloads/MultiMod/MultiModUEProject/Content/Blueprints/AI/Tasks/Alert/StopAlert.uexp" 109
"E:/Downloads/MultiMod/MultiModUEProject/Content/Blueprints/AI/Vanny/EndlessChaseBT.uasset" 110
"E:/Downloads/MultiMod/MultiModUEProject/Content/Blueprints/AI/Vanny/EndlessChaseBT.uexp" 111
"E:/Downloads/MultiMod/MultiModUEProject/Content/Blueprints/AI/Vanny/Vanny.uasset" 112
"E:/Downloads/MultiMod/MultiModUEProject/Content/Blueprints/AI/Vanny/Vanny.uexp" 113
"E:/Downloads/MultiMod/MultiModUEProject/Content/Blueprints/AI/Vanny/LostAndFound/VannyLostAndFoundBT.uasset" 114
"E:/Downloads/MultiMod/MultiModUEProject/Content/Blueprints/AI/Vanny/LostAndFound/VannyLostAndFoundBT.uexp" 115
"E:/Downloads/MultiMod/MultiModUEProject/Content/Blueprints/AI/Vanny/LostAndFound/Vanny_LostAndFound.uasset" 116
"E:/Downloads/MultiMod/MultiModUEProject/Content/Blueprints/AI/Vanny/LostAndFound/Vanny_LostAndFound.uexp" 117
"E:/Downloads/MultiMod/MultiModUEProject/Content/Blueprints/Blocker/PortableFence_RemoveAfterMission.uasset" 118
"E:/Downloads/MultiMod/MultiModUEProject/Content/Blueprints/Blocker/PortableFence_RemoveAfterMission.uexp" 119
"E:/Downloads/MultiMod/MultiModUEProject/Content/Blueprints/Button/BasicButton.uasset" 120
"E:/Downloads/MultiMod/MultiModUEProject/Content/Blueprints/Button/BasicButton.uexp" 121
"E:/Downloads/MultiMod/MultiModUEProject/Content/Blueprints/Button/BasicToggleButton.uasset" 122
"E:/Downloads/MultiMod/MultiModUEProject/Content/Blueprints/Button/BasicToggleButton.uexp" 123
"E:/Downloads/MultiMod/MultiModUEProject/Content/Blueprints/CutSceneActors/CutSceneActor_Base.uasset" 124
"E:/Downloads/MultiMod/MultiModUEProject/Content/Blueprints/CutSceneActors/CutSceneActor_Base.uexp" 125
"E:/Downloads/MultiMod/MultiModUEProject/Content/Blueprints/CutSceneActors/CutSceneActor_Staffbot.uasset" 126
"E:/Downloads/MultiMod/MultiModUEProject/Content/Blueprints/CutSceneActors/CutSceneActor_Staffbot.uexp" 127
"E:/Downloads/MultiMod/MultiModUEProject/Content/Blueprints/CutSceneActors/CutSceneActor_Vanessa.uasset" 128
"E:/Downloads/MultiMod/MultiModUEProject/Content/Blueprints/CutSceneActors/CutSceneActor_Vanessa.uexp" 129
"E:/Downloads/MultiMod/MultiModUEProject/Content/Blueprints/FazerBlast/BP_ReturnFazerBlaster.uasset" 130
"E:/Downloads/MultiMod/MultiModUEProject/Content/Blueprints/FazerBlast/BP_ReturnFazerBlaster.uexp" 131
"E:/Downloads/MultiMod/MultiModUEProject/Content/Blueprints/FreddyUpgrades/FreddyUpgradeRequirementCoponent.uasset" 132
"E:/Downloads/MultiMod/MultiModUEProject/Content/Blueprints/FreddyUpgrades/FreddyUpgradeRequirementCoponent.uexp" 133
"E:/Downloads/MultiMod/MultiModUEProject/Content/Blueprints/Hide/HideInActor.uasset" 134
"E:/Downloads/MultiMod/MultiModUEProject/Content/Blueprints/Hide/HideInActor.uexp" 135
"E:/Downloads/MultiMod/MultiModUEProject/Content/Blueprints/Hologram/FNAF_Mesh/BP_FNAF_Hologram.uasset" 136
"E:/Downloads/MultiMod/MultiModUEProject/Content/Blueprints/Hologram/FNAF_Mesh/BP_FNAF_Hologram.uexp" 137
"E:/Downloads/MultiMod/MultiModUEProject/Content/Blueprints/Hologram/FNAF_Mesh/RIG_Montgomery_Gator_withProp_HoloMesh.uasset" 138
"E:/Downloads/MultiMod/MultiModUEProject/Content/Blueprints/Hologram/FNAF_Mesh/RIG_Montgomery_Gator_withProp_HoloMesh.uexp" 139
"E:/Downloads/MultiMod/MultiModUEProject/Content/Blueprints/MissionTriggers/FreddyFirstAidTrigger.uasset" 140
"E:/Downloads/MultiMod/MultiModUEProject/Content/Blueprints/MissionTriggers/FreddyFirstAidTrigger.uexp" 141
"E:/Downloads/MultiMod/MultiModUEProject/Content/Blueprints/System/Time/FNAFTime.uasset" 142
"E:/Downloads/MultiMod/MultiModUEProject/Content/Blueprints/System/Time/FNAFTime.uexp" 143
"E:/Downloads/MultiMod/MultiModUEProject/Content/Blueprints/System/Time/TimeCheckComponent.uasset" 144
"E:/Downloads/MultiMod/MultiModUEProject/Content/Blueprints/System/Time/TimeCheckComponent.uexp" 145
"E:/Downloads/MultiMod/MultiModUEProject/Content/Blueprints/MissionTriggers/PlaySequenceTrigger_EasterEggKitchen.uasset" 146
"E:/Downloads/MultiMod/MultiModUEProject/Content/Blueprints/MissionTriggers/PlaySequenceTrigger_EasterEggKitchen.uexp" 147
"E:/Downloads/MultiMod/MultiModUEProject/Content/Blueprints/Objects/GeneratorBase_BP.uasset" 148
"E:/Downloads/MultiMod/MultiModUEProject/Content/Blueprints/Objects/GeneratorBase_BP.uexp" 149
"E:/Downloads/MultiMod/MultiModUEProject/Content/Blueprints/Objects/LMMDestroyer.uasset" 150
"E:/Downloads/MultiMod/MultiModUEProject/Content/Blueprints/Objects/LMMDestroyer.uexp" 151
"E:/Downloads/MultiMod/MultiModUEProject/Content/Blueprints/Objects/LobbyMainEntrance.uasset" 152
"E:/Downloads/MultiMod/MultiModUEProject/Content/Blueprints/Objects/LobbyMainEntrance.uexp" 153
"E:/Downloads/MultiMod/MultiModUEProject/Content/Blueprints/Objects/Actors/MoonmanDeathCharacter.uasset" 154
"E:/Downloads/MultiMod/MultiModUEProject/Content/Blueprints/Objects/Actors/MoonmanDeathCharacter.uexp" 155
"E:/Downloads/MultiMod/MultiModUEProject/Content/Blueprints/Objects/Actors/MoonManSequenceActor.uasset" 156
"E:/Downloads/MultiMod/MultiModUEProject/Content/Blueprints/Objects/Actors/MoonManSequenceActor.uexp" 157
"E:/Downloads/MultiMod/MultiModUEProject/Content/Blueprints/Objects/Actors/Overtime_SaveGameActor.uasset" 158
"E:/Downloads/MultiMod/MultiModUEProject/Content/Blueprints/Objects/Actors/Overtime_SaveGameActor.uexp" 159
"E:/Downloads/MultiMod/MultiModUEProject/Content/Blueprints/Objects/Actors/SaveGameActor.uasset" 160
"E:/Downloads/MultiMod/MultiModUEProject/Content/Blueprints/Objects/Actors/SaveGameActor.uexp" 161
"E:/Downloads/MultiMod/MultiModUEProject/Content/Blueprints/Objects/BallCannon/BallCannon.uasset" 162
"E:/Downloads/MultiMod/MultiModUEProject/Content/Blueprints/Objects/BallCannon/BallCannon.uexp" 163
"E:/Downloads/MultiMod/MultiModUEProject/Content/Blueprints/Objects/BallCannon/BallCannonOffice.uasset" 164
"E:/Downloads/MultiMod/MultiModUEProject/Content/Blueprints/Objects/BallCannon/BallCannonOffice.uexp" 165
"E:/Downloads/MultiMod/MultiModUEProject/Content/Blueprints/AI/Seeker/Monty/Monty.uasset" 166
"E:/Downloads/MultiMod/MultiModUEProject/Content/Blueprints/AI/Seeker/Monty/Monty.uexp" 167
"E:/Downloads/MultiMod/MultiModUEProject/Content/Blueprints/Objects/BallCannon/MontyBossManager.uasset" 168
"E:/Downloads/MultiMod/MultiModUEProject/Content/Blueprints/Objects/BallCannon/MontyBossManager.uexp" 169
"E:/Downloads/MultiMod/MultiModUEProject/Content/Blueprints/Objects/Collectibles/BackstagePass.uasset" 170
"E:/Downloads/MultiMod/MultiModUEProject/Content/Blueprints/Objects/Collectibles/BackstagePass.uexp" 171
"E:/Downloads/MultiMod/MultiModUEProject/Content/Blueprints/Objects/Collectibles/Collectible.uasset" 172
"E:/Downloads/MultiMod/MultiModUEProject/Content/Blueprints/Objects/Collectibles/Collectible.uexp" 173
"E:/Downloads/MultiMod/MultiModUEProject/Content/Blueprints/Objects/Collectibles/FlashBeaconCollect.uasset" 174
"E:/Downloads/MultiMod/MultiModUEProject/Content/Blueprints/Objects/Collectibles/FlashBeaconCollect.uexp" 175
"E:/Downloads/MultiMod/MultiModUEProject/Content/Blueprints/Objects/Collectibles/LaserGunCollectible.uasset" 176
"E:/Downloads/MultiMod/MultiModUEProject/Content/Blueprints/Objects/Collectibles/LaserGunCollectible.uexp" 177
"E:/Downloads/MultiMod/MultiModUEProject/Content/Blueprints/Objects/Collectibles/LaserGunCollectible_Prize.uasset" 178
"E:/Downloads/MultiMod/MultiModUEProject/Content/Blueprints/Objects/Collectibles/LaserGunCollectible_Prize.uexp" 179
"E:/Downloads/MultiMod/MultiModUEProject/Content/Blueprints/Objects/Collectibles/PresentCollectible.uasset" 180
"E:/Downloads/MultiMod/MultiModUEProject/Content/Blueprints/Objects/Collectibles/PresentCollectible.uexp" 181
"E:/Downloads/MultiMod/MultiModUEProject/Content/Blueprints/Objects/Daycare/DaycareGenerator.uasset" 182
"E:/Downloads/MultiMod/MultiModUEProject/Content/Blueprints/Objects/Daycare/DaycareGenerator.uexp" 183
"E:/Downloads/MultiMod/MultiModUEProject/Content/Blueprints/Objects/Daycare/DaycareGeneratorSetup.uasset" 184
"E:/Downloads/MultiMod/MultiModUEProject/Content/Blueprints/Objects/Daycare/DaycareGeneratorSetup.uexp" 185
"E:/Downloads/MultiMod/MultiModUEProject/Content/Blueprints/Objects/Daycare/DaycarePenDoors.uasset" 186
"E:/Downloads/MultiMod/MultiModUEProject/Content/Blueprints/Objects/Daycare/DaycarePenDoors.uexp" 187
"E:/Downloads/MultiMod/MultiModUEProject/Content/Blueprints/Objects/Daycare/SecurityOffice_Daycare.uasset" 188
"E:/Downloads/MultiMod/MultiModUEProject/Content/Blueprints/Objects/Daycare/SecurityOffice_Daycare.uexp" 189
"E:/Downloads/MultiMod/MultiModUEProject/Content/Blueprints/Objects/Equippables/EQ_Flashbeacon.uasset" 190
"E:/Downloads/MultiMod/MultiModUEProject/Content/Blueprints/Objects/Equippables/EQ_Flashbeacon.uexp" 191
"E:/Downloads/MultiMod/MultiModUEProject/Content/Blueprints/Objects/Equippables/EQ_LaserGun.uasset" 192
"E:/Downloads/MultiMod/MultiModUEProject/Content/Blueprints/Objects/Equippables/EQ_LaserGun.uexp" 193
"E:/Downloads/MultiMod/MultiModUEProject/Content/Blueprints/Objects/FlashlightRecharge/FlashlightRechargeStation.uasset" 194
"E:/Downloads/MultiMod/MultiModUEProject/Content/Blueprints/Objects/FlashlightRecharge/FlashlightRechargeStation.uexp" 195
"E:/Downloads/MultiMod/MultiModUEProject/Content/Blueprints/Objects/GolfBall/InteractibleGolfBall.uasset" 196
"E:/Downloads/MultiMod/MultiModUEProject/Content/Blueprints/Objects/GolfBall/InteractibleGolfBall.uexp" 197
"E:/Downloads/MultiMod/MultiModUEProject/Content/Blueprints/Objects/Kitchen/KitchenBotPizzaStation.uasset" 198
"E:/Downloads/MultiMod/MultiModUEProject/Content/Blueprints/Objects/Kitchen/KitchenBotPizzaStation.uexp" 199
"E:/Downloads/MultiMod/MultiModUEProject/Content/Blueprints/Objects/Kitchen/PizzaMakerManager.uasset" 200
"E:/Downloads/MultiMod/MultiModUEProject/Content/Blueprints/Objects/Kitchen/PizzaMakerManager.uexp" 201
"E:/Downloads/MultiMod/MultiModUEProject/Content/Blueprints/Objects/Mazercise/MazerciseRowButton.uasset" 202
"E:/Downloads/MultiMod/MultiModUEProject/Content/Blueprints/Objects/Mazercise/MazerciseRowButton.uexp" 203
"E:/Downloads/MultiMod/MultiModUEProject/Content/Blueprints/Objects/PowerStation/PowerStationPlayerInteractible.uasset" 204
"E:/Downloads/MultiMod/MultiModUEProject/Content/Blueprints/Objects/PowerStation/PowerStationPlayerInteractible.uexp" 205
"E:/Downloads/MultiMod/MultiModUEProject/Content/Blueprints/Objects/PowerStation/PowerStation_Actor.uasset" 206
"E:/Downloads/MultiMod/MultiModUEProject/Content/Blueprints/Objects/PowerStation/PowerStation_Actor.uexp" 207
"E:/Downloads/MultiMod/MultiModUEProject/Content/Blueprints/Objects/Sewer/Sewer_Generator.uasset" 208
"E:/Downloads/MultiMod/MultiModUEProject/Content/Blueprints/Objects/Sewer/Sewer_Generator.uexp" 209
"E:/Downloads/MultiMod/MultiModUEProject/Content/Blueprints/Objects/SodaBottles/SodaBottle.uasset" 210
"E:/Downloads/MultiMod/MultiModUEProject/Content/Blueprints/Objects/SodaBottles/SodaBottle.uexp" 211
"E:/Downloads/MultiMod/MultiModUEProject/Content/Blueprints/Objects/SodaBottles/SodaBottleSpill.uasset" 212
"E:/Downloads/MultiMod/MultiModUEProject/Content/Blueprints/Objects/SodaBottles/SodaBottleSpill.uexp" 213
"E:/Downloads/MultiMod/MultiModUEProject/Content/Blueprints/Objects/Vents/BP_UnscrewVent.uasset" 214
"E:/Downloads/MultiMod/MultiModUEProject/Content/Blueprints/Objects/Vents/BP_UnscrewVent.uexp" 215
"E:/Downloads/MultiMod/MultiModUEProject/Content/Blueprints/PartsAndServices/PS_Upgrade_And_Test_BP.uasset" 216
"E:/Downloads/MultiMod/MultiModUEProject/Content/Blueprints/PartsAndServices/PS_Upgrade_And_Test_BP.uexp" 217
"E:/Downloads/MultiMod/MultiModUEProject/Content/Blueprints/Player/Burntrap_Freddy.uasset" 218
"E:/Downloads/MultiMod/MultiModUEProject/Content/Blueprints/Player/Burntrap_Freddy.uexp" 219
"E:/Downloads/MultiMod/MultiModUEProject/Content/Blueprints/Player/FBPC_SharedController.uasset" 220
"E:/Downloads/MultiMod/MultiModUEProject/Content/Blueprints/Player/FBPC_SharedController.uexp" 221
"E:/Downloads/MultiMod/MultiModUEProject/Content/Blueprints/Player/FirstPersonCharacter.uasset" 222
"E:/Downloads/MultiMod/MultiModUEProject/Content/Blueprints/Player/FirstPersonCharacter.uexp" 223
"E:/Downloads/MultiMod/MultiModUEProject/Content/Blueprints/Player/JumpscarePawn.uasset" 224
"E:/Downloads/MultiMod/MultiModUEProject/Content/Blueprints/Player/JumpscarePawn.uexp" 225
"E:/Downloads/MultiMod/MultiModUEProject/Content/Blueprints/Player/MainGamePC.uasset" 226
"E:/Downloads/MultiMod/MultiModUEProject/Content/Blueprints/Player/MainGamePC.uexp" 227
"E:/Downloads/MultiMod/MultiModUEProject/Content/Blueprints/Player/StaminaComponent.uasset" 228
"E:/Downloads/MultiMod/MultiModUEProject/Content/Blueprints/Player/StaminaComponent.uexp" 229
"E:/Downloads/MultiMod/MultiModUEProject/Content/Blueprints/Player/ThrowableObject.uasset" 230
"E:/Downloads/MultiMod/MultiModUEProject/Content/Blueprints/Player/ThrowableObject.uexp" 231
"E:/Downloads/MultiMod/MultiModUEProject/Content/Blueprints/Player/CamShakes/ImpactShake_DJMM.uasset" 232
"E:/Downloads/MultiMod/MultiModUEProject/Content/Blueprints/Player/CamShakes/ImpactShake_DJMM.uexp" 233
"E:/Downloads/MultiMod/MultiModUEProject/Content/Blueprints/Player/UI/HUD/WI_Gregory_Clock.uasset" 234
"E:/Downloads/MultiMod/MultiModUEProject/Content/Blueprints/Player/UI/HUD/WI_Gregory_Clock.uexp" 235
"E:/Downloads/MultiMod/MultiModUEProject/Content/Blueprints/Player/UI/HUD/WI_Gregory_Stamina.uasset" 236
"E:/Downloads/MultiMod/MultiModUEProject/Content/Blueprints/Player/UI/HUD/WI_Gregory_Stamina.uexp" 237
"E:/Downloads/MultiMod/MultiModUEProject/Content/Blueprints/Roxy_Racer/CarMechanics/P_GoKart.uasset" 238
"E:/Downloads/MultiMod/MultiModUEProject/Content/Blueprints/Roxy_Racer/CarMechanics/P_GoKart.uexp" 239
"E:/Downloads/MultiMod/MultiModUEProject/Content/Blueprints/SecurityOffice/OGM_Backstage.uasset" 240
"E:/Downloads/MultiMod/MultiModUEProject/Content/Blueprints/SecurityOffice/OGM_Backstage.uexp" 241
"E:/Downloads/MultiMod/MultiModUEProject/Content/Blueprints/SecurityOffice/Backstage/AI/Freddy/FreddyOffice.uasset" 242
"E:/Downloads/MultiMod/MultiModUEProject/Content/Blueprints/SecurityOffice/Backstage/AI/Freddy/FreddyOffice.uexp" 243
"E:/Downloads/MultiMod/MultiModUEProject/Content/Blueprints/SecurityOffice/Backstage/AI/Vanny/VannyBackstageSplineBt.uasset" 244
"E:/Downloads/MultiMod/MultiModUEProject/Content/Blueprints/SecurityOffice/Backstage/AI/Vanny/VannyBackstageSplineBt.uexp" 245
"E:/Downloads/MultiMod/MultiModUEProject/Content/Blueprints/SecurityOffice/Kitchen/OGM_Kitchen.uasset" 246
"E:/Downloads/MultiMod/MultiModUEProject/Content/Blueprints/SecurityOffice/Kitchen/OGM_Kitchen.uexp" 247
"E:/Downloads/MultiMod/MultiModUEProject/Content/Blueprints/SecurityOffice/Kitchen/AI/ChicaKitchenOfficeBT.uasset" 248
"E:/Downloads/MultiMod/MultiModUEProject/Content/Blueprints/SecurityOffice/Kitchen/AI/ChicaKitchenOfficeBT.uexp" 249
"E:/Downloads/MultiMod/MultiModUEProject/Content/Blueprints/SecurityOffice/PrizeCounter/OGM_PrizeCounter.uasset" 250
"E:/Downloads/MultiMod/MultiModUEProject/Content/Blueprints/SecurityOffice/PrizeCounter/OGM_PrizeCounter.uexp" 251
"E:/Downloads/MultiMod/MultiModUEProject/Content/Blueprints/SecurityOffice/PrizeCounter/PrizeCounterBT.uasset" 252
"E:/Downloads/MultiMod/MultiModUEProject/Content/Blueprints/SecurityOffice/PrizeCounter/PrizeCounterBT.uexp" 253
"E:/Downloads/MultiMod/MultiModUEProject/Content/Blueprints/SecurityOffice/Underground/OGM_Underground.uasset" 254
"E:/Downloads/MultiMod/MultiModUEProject/Content/Blueprints/SecurityOffice/Underground/OGM_Underground.uexp" 255
"E:/Downloads/MultiMod/MultiModUEProject/Content/Blueprints/SecurityOffice/Vanny/OGM_VannyBattle.uasset" 256
"E:/Downloads/MultiMod/MultiModUEProject/Content/Blueprints/SecurityOffice/Vanny/OGM_VannyBattle.uexp" 257
"E:/Downloads/MultiMod/MultiModUEProject/Content/Blueprints/SecurityOffice/WestArcade/DJMusicMan.uasset" 258
"E:/Downloads/MultiMod/MultiModUEProject/Content/Blueprints/SecurityOffice/WestArcade/DJMusicMan.uexp" 259
"E:/Downloads/MultiMod/MultiModUEProject/Content/Blueprints/SecurityOffice/WestArcade/SecurityOffice_WestArcade.uasset" 260
"E:/Downloads/MultiMod/MultiModUEProject/Content/Blueprints/SecurityOffice/WestArcade/SecurityOffice_WestArcade.uexp" 261
"E:/Downloads/MultiMod/MultiModUEProject/Content/Blueprints/SplinePathing/LMMSplineFollower.uasset" 262
"E:/Downloads/MultiMod/MultiModUEProject/Content/Blueprints/SplinePathing/LMMSplineFollower.uexp" 263
"E:/Downloads/MultiMod/MultiModUEProject/Content/Blueprints/SplinePathing/LMMSplinePathwayManager.uasset" 264
"E:/Downloads/MultiMod/MultiModUEProject/Content/Blueprints/SplinePathing/LMMSplinePathwayManager.uexp" 265
"E:/Downloads/MultiMod/MultiModUEProject/Content/Blueprints/System/MainGameStartupSequence.uasset" 266
"E:/Downloads/MultiMod/MultiModUEProject/Content/Blueprints/System/MainGameStartupSequence.uexp" 267
"E:/Downloads/MultiMod/MultiModUEProject/Content/Blueprints/System/Debug/DebugInventoryItem.uasset" 268
"E:/Downloads/MultiMod/MultiModUEProject/Content/Blueprints/System/Debug/DebugInventoryItem.uexp" 269
"E:/Downloads/MultiMod/MultiModUEProject/Content/Blueprints/System/Debug/DebugUI.uasset" 270
"E:/Downloads/MultiMod/MultiModUEProject/Content/Blueprints/System/Debug/DebugUI.uexp" 271
"E:/Downloads/MultiMod/MultiModUEProject/Content/Blueprints/System/Fog/FogSystem.uasset" 272
"E:/Downloads/MultiMod/MultiModUEProject/Content/Blueprints/System/Fog/FogSystem.uexp" 273
"E:/Downloads/MultiMod/MultiModUEProject/Content/Blueprints/System/LaserTag/LaserTag_GM.uasset" 274
"E:/Downloads/MultiMod/MultiModUEProject/Content/Blueprints/System/LaserTag/LaserTag_GM.uexp" 275
"E:/Downloads/MultiMod/MultiModUEProject/Content/Blueprints/System/Lobby/LostAndFoundManager.uasset" 276
"E:/Downloads/MultiMod/MultiModUEProject/Content/Blueprints/System/Lobby/LostAndFoundManager.uexp" 277
"E:/Downloads/MultiMod/MultiModUEProject/Content/Blueprints/Tasks/Alert/SendAlert.uasset" 278
"E:/Downloads/MultiMod/MultiModUEProject/Content/Blueprints/Tasks/Alert/SendAlert.uexp" 279
"E:/Downloads/MultiMod/MultiModUEProject/Content/Blueprints/Tasks/Alert/StopAlert.uasset" 280
"E:/Downloads/MultiMod/MultiModUEProject/Content/Blueprints/Tasks/Alert/StopAlert.uexp" 281
"E:/Downloads/MultiMod/MultiModUEProject/Content/Blueprints/UI/FPSUI.uasset" 282
"E:/Downloads/MultiMod/MultiModUEProject/Content/Blueprints/UI/FPSUI.uexp" 283
"E:/Downloads/MultiMod/MultiModUEProject/Content/Blueprints/UI/GameOverUI.uasset" 284
"E:/Downloads/MultiMod/MultiModUEProject/Content/Blueprints/UI/GameOverUI.uexp" 285
"E:/Downloads/MultiMod/MultiModUEProject/Content/Blueprints/UI/SaveGameSettings.uasset" 286
"E:/Downloads/MultiMod/MultiModUEProject/Content/Blueprints/UI/SaveGameSettings.uexp" 287
"E:/Downloads/MultiMod/MultiModUEProject/Content/Blueprints/UI/LaserTag/WI_Health_Fazerblast.uasset" 288
"E:/Downloads/MultiMod/MultiModUEProject/Content/Blueprints/UI/LaserTag/WI_Health_Fazerblast.uexp" 289
"E:/Downloads/MultiMod/MultiModUEProject/Content/Blueprints/UI/Loading/LoadingGraphic.uasset" 290
"E:/Downloads/MultiMod/MultiModUEProject/Content/Blueprints/UI/Loading/LoadingGraphic.uexp" 291
"E:/Downloads/MultiMod/MultiModUEProject/Content/Blueprints/UI/Loading/PizzaHelpy.uasset" 292
"E:/Downloads/MultiMod/MultiModUEProject/Content/Blueprints/UI/Loading/PizzaHelpy.uexp" 293
"E:/Downloads/MultiMod/MultiModUEProject/Content/Blueprints/Underground/BurntrapHackPointBP.uasset" 294
"E:/Downloads/MultiMod/MultiModUEProject/Content/Blueprints/Underground/BurntrapHackPointBP.uexp" 295
"E:/Downloads/MultiMod/MultiModUEProject/Content/Blueprints/Warehouse/PRE_BadgeHolder_Warehouse.uasset" 296
"E:/Downloads/MultiMod/MultiModUEProject/Content/Blueprints/Warehouse/PRE_BadgeHolder_Warehouse.uexp" 297
"E:/Downloads/MultiMod/MultiModUEProject/Content/Mods/UtilityMod/ModActor.uasset" 298
"E:/Downloads/MultiMod/MultiModUEProject/Content/Mods/UtilityMod/ModActor.uexp" 299
"E:/Downloads/MultiMod/MultiModUEProject/Content/Blueprints/AI/Seeker/AISeekerBB.uasset" 300
"E:/Downloads/MultiMod/MultiModUEProject/Content/Blueprints/AI/Seeker/AISeekerBB.uexp" 301
"E:/Downloads/MultiMod/MultiModUEProject/Content/Blueprints/AI/Seeker/Chica/AIChicaBB.uasset" 302
"E:/Downloads/MultiMod/MultiModUEProject/Content/Blueprints/AI/Seeker/Chica/AIChicaBB.uexp" 303
"E:/Downloads/MultiMod/MultiModUEProject/Content/Blueprints/System/Fog/FogVolumeInfo.uasset" 304
"E:/Downloads/MultiMod/MultiModUEProject/Content/Blueprints/System/Fog/FogVolumeInfo.uexp" 305
"E:/Downloads/MultiMod/MultiModUEProject/Content/Blueprints/System/Time/FNAFTimeRange.uasset" 306
"E:/Downloads/MultiMod/MultiModUEProject/Content/Blueprints/System/Time/FNAFTimeRange.uexp" 307
"E:/Downloads/MultiMod/MultiModUEProject/Content/Data/Autosave_Struct.uasset" 308
"E:/Downloads/MultiMod/MultiModUEProject/Content/Data/Autosave_Struct.uexp" 309
"E:/Downloads/MultiMod/MultiModUEProject/Content/Data/KeyBinding_Struct.uasset" 310
"E:/Downloads/MultiMod/MultiModUEProject/Content/Data/KeyBinding_Struct.uexp" 311
"E:/Downloads/MultiMod/MultiModUEProject/Content/Data/MiniMap_Struct.uasset" 312
"E:/Downloads/MultiMod/MultiModUEProject/Content/Data/MiniMap_Struct.uexp" 313
"E:/Downloads/MultiMod/MultiModUEProject/Content/Data/TimeCheckValues_Struct.uasset" 314
"E:/Downloads/MultiMod/MultiModUEProject/Content/Data/TimeCheckValues_Struct.uexp" 315
"../../../Engine/Content/EngineMaterials/T_Default_Material_Grid_N.uasset" 316
"../../../Engine/Content/EngineMaterials/T_Default_Material_Grid_N.uexp" 317
"../../../Engine/Content/EngineMaterials/T_Default_Material_Grid_N.ubulk" 318
"../../../Engine/Content/EngineMaterials/T_Default_Material_Grid_M.uasset" 319
"../../../Engine/Content/EngineMaterials/T_Default_Material_Grid_M.uexp" 320
"../../../Engine/Content/EngineMaterials/T_Default_Material_Grid_M.ubulk" 321
"../../../Engine/Content/Functions/Engine_MaterialFunctions01/Opacity/CameraDepthFade.uasset" 322
"../../../Engine/Content/Functions/Engine_MaterialFunctions01/Opacity/CameraDepthFade.uexp" 323
"../../../Engine/Content/EngineMaterials/WorldGridMaterial.uasset" 324
"../../../Engine/Content/EngineMaterials/WorldGridMaterial.uexp" 325
"../../../Engine/Content/ArtTools/RenderToTexture/Meshes/S_1_Unit_Plane.uasset" 326
"../../../Engine/Content/ArtTools/RenderToTexture/Meshes/S_1_Unit_Plane.uexp" 327
"../../../Engine/Content/EngineMaterials/DefaultMaterial.uasset" 328
"../../../Engine/Content/EngineMaterials/DefaultMaterial.uexp" 329
"../../../Engine/Content/BasicShapes/Cone.uasset" 330
"../../../Engine/Content/BasicShapes/Cone.uexp" 331
"../../../Engine/Content/BasicShapes/Cube.uasset" 332
"../../../Engine/Content/BasicShapes/Cube.uexp" 333
"../../../Engine/Content/BasicShapes/Plane.uasset" 334
"../../../Engine/Content/BasicShapes/Plane.uexp" 335
"../../../Engine/Content/BasicShapes/Sphere.uasset" 336
"../../../Engine/Content/BasicShapes/Sphere.uexp" 337
"../../../Engine/Content/EditorLandscapeResources/DataLayer.uasset" 338
"../../../Engine/Content/EditorLandscapeResources/DataLayer.uexp" 339
"../../../Engine/Content/EditorLandscapeResources/DefaultAlphaTexture.uasset" 340
"../../../Engine/Content/EditorLandscapeResources/DefaultAlphaTexture.uexp" 341
"../../../Engine/Content/EditorMaterials/MAT_Groups_Toggle.uasset" 342
"../../../Engine/Content/EditorMaterials/MAT_Groups_Toggle.uexp" 343
"../../../Engine/Content/EditorMaterials/MAT_Groups_Visibility.uasset" 344
"../../../Engine/Content/EditorMaterials/MAT_Groups_Visibility.uexp" 345
"../../../Engine/Content/EditorMaterials/PreviewShadowIndicator.uasset" 346
"../../../Engine/Content/EditorMaterials/PreviewShadowIndicator.uexp" 347
"../../../Engine/Content/EditorMaterials/PreviewShadowIndicator.ubulk" 348
"../../../Engine/Content/EditorMaterials/PreviewShadowIndicatorMaterial.uasset" 349
"../../../Engine/Content/EditorMaterials/PreviewShadowIndicatorMaterial.uexp" 350
"../../../Engine/Content/EditorMaterials/AssetViewer/EpicQuadPanorama_CC+EV1.uasset" 351
"../../../Engine/Content/EditorMaterials/AssetViewer/EpicQuadPanorama_CC+EV1.uexp" 352
"../../../Engine/Content/EditorMaterials/MatineeGroups/MAT_ColorTrack.uasset" 353
"../../../Engine/Content/EditorMaterials/MatineeGroups/MAT_ColorTrack.uexp" 354
"../../../Engine/Content/EditorMaterials/MatineeGroups/MAT_Groups_Anim.uasset" 355
"../../../Engine/Content/EditorMaterials/MatineeGroups/MAT_Groups_Anim.uexp" 356
"../../../Engine/Content/EditorMaterials/MatineeGroups/MAT_Groups_AudioMaster.uasset" 357
"../../../Engine/Content/EditorMaterials/MatineeGroups/MAT_Groups_AudioMaster.uexp" 358
"../../../Engine/Content/EditorMaterials/MatineeGroups/MAT_Groups_Director.uasset" 359
"../../../Engine/Content/EditorMaterials/MatineeGroups/MAT_Groups_Director.uexp" 360
"../../../Engine/Content/EditorMaterials/MatineeGroups/MAT_Groups_Event.uasset" 361
"../../../Engine/Content/EditorMaterials/MatineeGroups/MAT_Groups_Event.uexp" 362
"../../../Engine/Content/EditorMaterials/MatineeGroups/MAT_Groups_Fade.uasset" 363
"../../../Engine/Content/EditorMaterials/MatineeGroups/MAT_Groups_Fade.uexp" 364
"../../../Engine/Content/EditorMaterials/MatineeGroups/MAT_Groups_Float.uasset" 365
"../../../Engine/Content/EditorMaterials/MatineeGroups/MAT_Groups_Float.uexp" 366
"../../../Engine/Content/EditorMaterials/MatineeGroups/MAT_Groups_Move.uasset" 367
"../../../Engine/Content/EditorMaterials/MatineeGroups/MAT_Groups_Move.uexp" 368
"../../../Engine/Content/EditorMaterials/MatineeGroups/MAT_Groups_Slomo.uasset" 369
"../../../Engine/Content/EditorMaterials/MatineeGroups/MAT_Groups_Slomo.uexp" 370
"../../../Engine/Content/EditorMaterials/MatineeGroups/MAT_Groups_Sound.uasset" 371
"../../../Engine/Content/EditorMaterials/MatineeGroups/MAT_Groups_Sound.uexp" 372
"../../../Engine/Content/EditorMaterials/MatineeGroups/MAT_Groups_Vector.uasset" 373
"../../../Engine/Content/EditorMaterials/MatineeGroups/MAT_Groups_Vector.uexp" 374
"../../../Engine/Content/EditorMaterials/ParticleSystems/PSysThumbnail_NoImage.uasset" 375
"../../../Engine/Content/EditorMaterials/ParticleSystems/PSysThumbnail_NoImage.uexp" 376
"../../../Engine/Content/EditorMaterials/ParticleSystems/PSysThumbnail_NoImage.ubulk" 377
"../../../Engine/Content/EditorMaterials/ParticleSystems/PSysThumbnail_OOD.uasset" 378
"../../../Engine/Content/EditorMaterials/ParticleSystems/PSysThumbnail_OOD.uexp" 379
"../../../Engine/Content/EditorMaterials/ParticleSystems/PSysThumbnail_OOD.ubulk" 380
"../../../Engine/Content/EditorMaterials/Camera/CineMat.uasset" 381
"../../../Engine/Content/EditorMaterials/Camera/CineMat.uexp" 382
"../../../Engine/Content/EditorMaterials/Camera/MI_CineMat_Rig.uasset" 383
"../../../Engine/Content/EditorMaterials/Camera/MI_CineMat_Rig.uexp" 384
"../../../Engine/Content/EditorMeshes/Camera/SM_CraneRig_Arm.uasset" 385
"../../../Engine/Content/EditorMeshes/Camera/SM_CraneRig_Arm.uexp" 386
"../../../Engine/Content/EditorMeshes/Camera/SM_CraneRig_Base.uasset" 387
"../../../Engine/Content/EditorMeshes/Camera/SM_CraneRig_Base.uexp" 388
"../../../Engine/Content/EditorMeshes/Camera/SM_CraneRig_Body.uasset" 389
"../../../Engine/Content/EditorMeshes/Camera/SM_CraneRig_Body.uexp" 390
"../../../Engine/Content/EditorMeshes/Camera/SM_CraneRig_Mount.uasset" 391
"../../../Engine/Content/EditorMeshes/Camera/SM_CraneRig_Mount.uexp" 392
"../../../Engine/Content/EditorMeshes/Camera/SM_RailRig_Mount.uasset" 393
"../../../Engine/Content/EditorMeshes/Camera/SM_RailRig_Mount.uexp" 394
"../../../Engine/Content/EditorMeshes/Camera/SM_RailRig_Track.uasset" 395
"../../../Engine/Content/EditorMeshes/Camera/SM_RailRig_Track.uexp" 396
"../../../Engine/Content/EditorResources/BSPVertex.uasset" 397
"../../../Engine/Content/EditorResources/BSPVertex.uexp" 398
"../../../Engine/Content/EditorResources/EmptyActor.uasset" 399
"../../../Engine/Content/EditorResources/EmptyActor.uexp" 400
"../../../Engine/Content/EditorResources/S_Actor.uasset" 401
"../../../Engine/Content/EditorResources/S_Actor.uexp" 402
"../../../Engine/Content/EditorResources/S_Actor.ubulk" 403
"../../../Engine/Content/EditorResources/S_Note.uasset" 404
"../../../Engine/Content/EditorResources/S_Note.uexp" 405
"../../../Engine/Content/EditorResources/S_Note.ubulk" 406
"../../../Engine/Content/EditorResources/S_Solver.uasset" 407
"../../../Engine/Content/EditorResources/S_Solver.uexp" 408
"../../../Engine/Content/EditorResources/S_Solver.ubulk" 409
"../../../Engine/Content/EditorResources/S_Terrain.uasset" 410
"../../../Engine/Content/EditorResources/S_Terrain.uexp" 411
"../../../Engine/Content/EditorResources/S_Terrain.ubulk" 412
"../../../Engine/Content/EditorResources/S_Trigger.uasset" 413
"../../../Engine/Content/EditorResources/S_Trigger.uexp" 414
"../../../Engine/Content/EditorResources/S_Trigger.ubulk" 415
"../../../Engine/Content/EditorResources/SequenceRecorder/Countdown.uasset" 416
"../../../Engine/Content/EditorResources/SequenceRecorder/Countdown.uexp" 417
"../../../Engine/Content/EditorResources/SequenceRecorder/RecordingIndicator.uasset" 418
"../../../Engine/Content/EditorResources/SequenceRecorder/RecordingIndicator.uexp" 419
"../../../Engine/Content/EngineDamageTypes/DmgTypeBP_Environmental.uasset" 420
"../../../Engine/Content/EngineDamageTypes/DmgTypeBP_Environmental.uexp" 421
"../../../Engine/Content/EngineDebugMaterials/DebugEditorMaterial.uasset" 422
"../../../Engine/Content/EngineDebugMaterials/DebugEditorMaterial.uexp" 423
"../../../Engine/Content/EngineDebugMaterials/DebugMeshMaterial.uasset" 424
"../../../Engine/Content/EngineDebugMaterials/DebugMeshMaterial.uexp" 425
"../../../Engine/Content/EngineDebugMaterials/M_SimpleUnlitTranslucent.uasset" 426
"../../../Engine/Content/EngineDebugMaterials/M_SimpleUnlitTranslucent.uexp" 427
"../../../Engine/Content/EngineDebugMaterials/VolumeToRender.uasset" 428
"../../../Engine/Content/EngineDebugMaterials/VolumeToRender.uexp" 429
"../../../Engine/Content/Functions/Engine_MaterialFunctions02/Utility/CameraDirectionVector.uasset" 430
"../../../Engine/Content/Functions/Engine_MaterialFunctions02/Utility/CameraDirectionVector.uexp" 431
"../../../Engine/Content/EngineDebugMaterials/M_VolumeRenderSphereTracePP.uasset" 432
"../../../Engine/Content/EngineDebugMaterials/M_VolumeRenderSphereTracePP.uexp" 433
"../../../Engine/Content/Functions/Engine_MaterialFunctions01/Shading/ConvertFromDiffSpec.uasset" 434
"../../../Engine/Content/Functions/Engine_MaterialFunctions01/Shading/ConvertFromDiffSpec.uexp" 435
"../../../Engine/Content/EngineDebugMaterials/VertexColorMaterial.uasset" 436
"../../../Engine/Content/EngineDebugMaterials/VertexColorMaterial.uexp" 437
"../../../Engine/Content/EngineDebugMaterials/WireframeMaterial.uasset" 438
"../../../Engine/Content/EngineDebugMaterials/WireframeMaterial.uexp" 439
"../../../Engine/Content/EngineFonts/Faces/RobotoRegular.uasset" 440
"../../../Engine/Content/EngineFonts/Faces/RobotoRegular.uexp" 441
"../../../Engine/Content/EngineFonts/Faces/RobotoRegular.ufont" 442
"../../../Engine/Content/EngineFonts/Faces/RobotoLight.uasset" 443
"../../../Engine/Content/EngineFonts/Faces/RobotoLight.uexp" 444
"../../../Engine/Content/EngineFonts/Faces/RobotoLight.ufont" 445
"../../../Engine/Content/EngineFonts/Faces/RobotoItalic.uasset" 446
"../../../Engine/Content/EngineFonts/Faces/RobotoItalic.uexp" 447
"../../../Engine/Content/EngineFonts/Faces/RobotoItalic.ufont" 448
"../../../Engine/Content/EngineFonts/Faces/RobotoBoldItalic.uasset" 449
"../../../Engine/Content/EngineFonts/Faces/RobotoBoldItalic.uexp" 450
"../../../Engine/Content/EngineFonts/Faces/RobotoBoldItalic.ufont" 451
"../../../Engine/Content/EngineFonts/Faces/RobotoBold.uasset" 452
"../../../Engine/Content/EngineFonts/Faces/RobotoBold.uexp" 453
"../../../Engine/Content/EngineFonts/Faces/RobotoBold.ufont" 454
"../../../Engine/Content/EngineFonts/Faces/DroidSansFallback.uasset" 455
"../../../Engine/Content/EngineFonts/Faces/DroidSansFallback.uexp" 456
"../../../Engine/Content/EngineFonts/Faces/DroidSansFallback.ufont" 457
"../../../Engine/Content/EngineFonts/Roboto.uasset" 458
"../../../Engine/Content/EngineFonts/Roboto.uexp" 459
"../../../Engine/Content/EngineMaterials/BaseFlattenNormalMap.uasset" 460
"../../../Engine/Content/EngineMaterials/BaseFlattenNormalMap.uexp" 461
"../../../Engine/Content/EngineMaterials/BaseFlattenGrayscaleMap.uasset" 462
"../../../Engine/Content/EngineMaterials/BaseFlattenGrayscaleMap.uexp" 463
"../../../Engine/Content/EngineMaterials/BaseFlattenEmissiveMap.uasset" 464
"../../../Engine/Content/EngineMaterials/BaseFlattenEmissiveMap.uexp" 465
"../../../Engine/Content/EngineMaterials/BaseFlattenDiffuseMap.uasset" 466
"../../../Engine/Content/EngineMaterials/BaseFlattenDiffuseMap.uexp" 467
"../../../Engine/Content/EngineMaterials/BaseFlattenMaterial.uasset" 468
"../../../Engine/Content/EngineMaterials/BaseFlattenMaterial.uexp" 469
"../../../Engine/Content/EngineMaterials/BlueNoise.uasset" 470
"../../../Engine/Content/EngineMaterials/BlueNoise.uexp" 471
"../../../Engine/Content/EngineMaterials/DefaultBloomKernel.uasset" 472
"../../../Engine/Content/EngineMaterials/DefaultBloomKernel.uexp" 473
"../../../Engine/Content/EngineMaterials/DefaultBokeh.uasset" 474
"../../../Engine/Content/EngineMaterials/DefaultBokeh.uexp" 475
"../../../Engine/Content/EngineMaterials/DefaultDiffuse.uasset" 476
"../../../Engine/Content/EngineMaterials/DefaultDiffuse.uexp" 477
"../../../Engine/Content/EngineMaterials/DefaultDiffuse.ubulk" 478
"../../../Engine/Content/EngineMaterials/DefaultDeferredDecalMaterial.uasset" 479
"../../../Engine/Content/EngineMaterials/DefaultDeferredDecalMaterial.uexp" 480
"../../../Engine/Content/EngineMaterials/DefaultLightFunctionMaterial.uasset" 481
"../../../Engine/Content/EngineMaterials/DefaultLightFunctionMaterial.uexp" 482
"../../../Engine/Content/EngineMaterials/DefaultPhysicalMaterial.uasset" 483
"../../../Engine/Content/EngineMaterials/DefaultPhysicalMaterial.uexp" 484
"../../../Engine/Content/Functions/Engine_MaterialFunctions02/Utility/BreakOutFloat2Components.uasset" 485
"../../../Engine/Content/Functions/Engine_MaterialFunctions02/Utility/BreakOutFloat2Components.uexp" 486
"../../../Engine/Content/EngineMaterials/DefaultPostProcessMaterial.uasset" 487
"../../../Engine/Content/EngineMaterials/DefaultPostProcessMaterial.uexp" 488
"../../../Engine/Content/EngineFonts/RobotoDistanceField.uasset" 489
"../../../Engine/Content/EngineFonts/RobotoDistanceField.uexp" 490
"../../../Engine/Content/EngineMaterials/DefaultTextMaterialOpaque.uasset" 491
"../../../Engine/Content/EngineMaterials/DefaultTextMaterialOpaque.uexp" 492
"../../../Engine/Content/EngineMaterials/DefaultWhiteGrid.uasset" 493
"../../../Engine/Content/EngineMaterials/DefaultWhiteGrid.uexp" 494
"../../../Engine/Content/EngineMaterials/DefaultWhiteGrid.ubulk" 495
"../../../Engine/Content/EngineMaterials/DefaultWhiteGrid_Low.uasset" 496
"../../../Engine/Content/EngineMaterials/DefaultWhiteGrid_Low.uexp" 497
"../../../Engine/Content/EngineMaterials/EmissiveMeshMaterial.uasset" 498
"../../../Engine/Content/EngineMaterials/EmissiveMeshMaterial.uexp" 499
"../../../Engine/Content/EngineMaterials/GizmoMaterial.uasset" 500
"../../../Engine/Content/EngineMaterials/GizmoMaterial.uexp" 501
"../../../Engine/Content/EngineMaterials/Good64x64TilingNoiseHighFreq.uasset" 502
"../../../Engine/Content/EngineMaterials/Good64x64TilingNoiseHighFreq.uexp" 503
"../../../Engine/Content/EngineMaterials/MiniFont.uasset" 504
"../../../Engine/Content/EngineMaterials/MiniFont.uexp" 505
"../../../Engine/Content/EngineMaterials/InvalidLightmapSettings.uasset" 506
"../../../Engine/Content/EngineMaterials/InvalidLightmapSettings.uexp" 507
"../../../Engine/Content/EngineMaterials/InvalidLightmapSettings.ubulk" 508
"../../../Engine/Content/EngineMaterials/M_InvalidLightmapSettings.uasset" 509
"../../../Engine/Content/EngineMaterials/M_InvalidLightmapSettings.uexp" 510
"../../../Engine/Content/Functions/Engine_MaterialFunctions02/WorldPositionOffset/CameraOffset.uasset" 511
"../../../Engine/Content/Functions/Engine_MaterialFunctions02/WorldPositionOffset/CameraOffset.uexp" 512
"../../../Engine/Content/EngineMaterials/PhAT_JointLimitMaterial.uasset" 513
"../../../Engine/Content/EngineMaterials/PhAT_JointLimitMaterial.uexp" 514
"../../../Engine/Content/EngineMaterials/DefaultCalibrationColor.uasset" 515
"../../../Engine/Content/EngineMaterials/DefaultCalibrationColor.uexp" 516
"../../../Engine/Content/EngineMaterials/PPM_DefaultCalibrationColor.uasset" 517
"../../../Engine/Content/EngineMaterials/PPM_DefaultCalibrationColor.uexp" 518
"../../../Engine/Content/EngineMaterials/DefaultCalibrationGrayscale.uasset" 519
"../../../Engine/Content/EngineMaterials/DefaultCalibrationGrayscale.uexp" 520
"../../../Engine/Content/EngineMaterials/PPM_DefaultCalibrationGrayscale.uasset" 521
"../../../Engine/Content/EngineMaterials/PPM_DefaultCalibrationGrayscale.uexp" 522
"../../../Engine/Content/EngineMaterials/PreintegratedSkinBRDF.uasset" 523
"../../../Engine/Content/EngineMaterials/PreintegratedSkinBRDF.uexp" 524
"../../../Engine/Content/EngineMaterials/RemoveSurfaceMaterial.uasset" 525
"../../../Engine/Content/EngineMaterials/RemoveSurfaceMaterial.uexp" 526
"../../../Engine/Content/EngineMaterials/WeightMapPlaceholderTexture.uasset" 527
"../../../Engine/Content/EngineMaterials/WeightMapPlaceholderTexture.uexp" 528
"../../../Engine/Content/EngineResources/WhiteSquareTexture.uasset" 529
"../../../Engine/Content/EngineResources/WhiteSquareTexture.uexp" 530
"../../../Engine/Content/EngineMaterials/Widget3DPassThrough.uasset" 531
"../../../Engine/Content/EngineMaterials/Widget3DPassThrough.uexp" 532
"../../../Engine/Content/EngineMaterials/Widget3DPassThrough_Masked.uasset" 533
"../../../Engine/Content/EngineMaterials/Widget3DPassThrough_Masked.uexp" 534
"../../../Engine/Content/EngineMaterials/Widget3DPassThrough_Opaque.uasset" 535
"../../../Engine/Content/EngineMaterials/Widget3DPassThrough_Opaque.uexp" 536
"../../../Engine/Content/EngineMaterials/Widget3DPassThrough_Masked_OneSided.uasset" 537
"../../../Engine/Content/EngineMaterials/Widget3DPassThrough_Masked_OneSided.uexp" 538
"../../../Engine/Content/EngineMaterials/Widget3DPassThrough_Opaque_OneSided.uasset" 539
"../../../Engine/Content/EngineMaterials/Widget3DPassThrough_Opaque_OneSided.uexp" 540
"../../../Engine/Content/EngineMaterials/Widget3DPassThrough_Translucent.uasset" 541
"../../../Engine/Content/EngineMaterials/Widget3DPassThrough_Translucent.uexp" 542
"../../../Engine/Content/EngineMaterials/Widget3DPassThrough_Translucent_OneSided.uasset" 543
"../../../Engine/Content/EngineMaterials/Widget3DPassThrough_Translucent_OneSided.uexp" 544
"../../../Engine/Content/EngineMeshes/Cylinder.uasset" 545
"../../../Engine/Content/EngineMeshes/Cylinder.uexp" 546
"../../../Engine/Content/EngineMeshes/Sphere.uasset" 547
"../../../Engine/Content/EngineMeshes/Sphere.uexp" 548
"../../../Engine/Content/EngineResources/DefaultTextureCube.uasset" 549
"../../../Engine/Content/EngineResources/DefaultTextureCube.uexp" 550
"../../../Engine/Content/EngineResources/DefaultVolumeTexture2D.uasset" 551
"../../../Engine/Content/EngineResources/DefaultVolumeTexture2D.uexp" 552
"../../../Engine/Content/EngineResources/DefaultVolumeTexture.uasset" 553
"../../../Engine/Content/EngineResources/DefaultVolumeTexture.uexp" 554
"../../../Engine/Content/EngineResources/GradientTexture0.uasset" 555
"../../../Engine/Content/EngineResources/GradientTexture0.uexp" 556
"../../../Engine/Content/EngineSky/VolumetricClouds/T_NoiseShape64.uasset" 557
"../../../Engine/Content/EngineSky/VolumetricClouds/T_NoiseShape64.uexp" 558
"../../../Engine/Content/EngineSky/VolumetricClouds/T_NoiseShape64.ubulk" 559
"../../../Engine/Content/EngineSky/VolumetricClouds/T_VolumeNoiseShape64.uasset" 560
"../../../Engine/Content/EngineSky/VolumetricClouds/T_VolumeNoiseShape64.uexp" 561
"../../../Engine/Content/EngineSky/VolumetricClouds/T_NoiseErosion.uasset" 562
"../../../Engine/Content/EngineSky/VolumetricClouds/T_NoiseErosion.uexp" 563
"../../../Engine/Content/EngineSky/VolumetricClouds/T_NoiseErosion.ubulk" 564
"../../../Engine/Content/EngineSky/VolumetricClouds/T_VolumeNoiseErosion32.uasset" 565
"../../../Engine/Content/EngineSky/VolumetricClouds/T_VolumeNoiseErosion32.uexp" 566
"../../../Engine/Content/EngineSky/VolumetricClouds/CloudWeatherTexture.uasset" 567
"../../../Engine/Content/EngineSky/VolumetricClouds/CloudWeatherTexture.uexp" 568
"../../../Engine/Content/EngineSky/VolumetricClouds/CloudGradientTexture.uasset" 569
"../../../Engine/Content/EngineSky/VolumetricClouds/CloudGradientTexture.uexp" 570
"../../../Engine/Content/Functions/Engine_MaterialFunctions02/Utility/MakeFloat2.uasset" 571
"../../../Engine/Content/Functions/Engine_MaterialFunctions02/Utility/MakeFloat2.uexp" 572
"../../../Engine/Content/EngineSky/VolumetricClouds/m_SimpleVolumetricCloud.uasset" 573
"../../../Engine/Content/EngineSky/VolumetricClouds/m_SimpleVolumetricCloud.uexp" 574
"../../../Engine/Content/EngineSky/VolumetricClouds/m_SimpleVolumetricCloud_Inst.uasset" 575
"../../../Engine/Content/EngineSky/VolumetricClouds/m_SimpleVolumetricCloud_Inst.uexp" 576
"../../../Engine/Content/EngineSounds/Master.uasset" 577
"../../../Engine/Content/EngineSounds/Master.uexp" 578
"../../../Engine/Content/Functions/Engine_MaterialFunctions01/Shading/PowerToRoughness.uasset" 579
"../../../Engine/Content/Functions/Engine_MaterialFunctions01/Shading/PowerToRoughness.uexp" 580
"../../../Engine/Content/Maps/Templates/Thumbnails/Default.uasset" 581
"../../../Engine/Content/Maps/Templates/Thumbnails/Default.uexp" 582
"../../../Engine/Content/Maps/Templates/Thumbnails/TimeOfDay.uasset" 583
"../../../Engine/Content/Maps/Templates/Thumbnails/TimeOfDay.uexp" 584
"../../../Engine/Content/Maps/Templates/Thumbnails/VR-Basic.uasset" 585
"../../../Engine/Content/Maps/Templates/Thumbnails/VR-Basic.uexp" 586
"../../../Engine/Content/MobileResources/T_MobileControls_texture.uasset" 587
"../../../Engine/Content/MobileResources/T_MobileControls_texture.uexp" 588
"../../../Engine/Content/MobileResources/T_MobileMenu2.uasset" 589
"../../../Engine/Content/MobileResources/T_MobileMenu2.uexp" 590
"../../../Engine/Content/MobileResources/HUD/AnalogHat.uasset" 591
"../../../Engine/Content/MobileResources/HUD/AnalogHat.uexp" 592
"../../../Engine/Content/MobileResources/HUD/VirtualJoystick_Thumb.uasset" 593
"../../../Engine/Content/MobileResources/HUD/VirtualJoystick_Thumb.uexp" 594
"../../../Engine/Content/MobileResources/HUD/VirtualJoystick_Background.uasset" 595
"../../../Engine/Content/MobileResources/HUD/VirtualJoystick_Background.uexp" 596
"../../../Engine/Content/MobileResources/HUD/DefaultVirtualJoysticks.uasset" 597
"../../../Engine/Content/MobileResources/HUD/DefaultVirtualJoysticks.uexp" 598
"../../../Engine/Content/MobileResources/HUD/LeftVirtualJoystickOnly.uasset" 599
"../../../Engine/Content/MobileResources/HUD/LeftVirtualJoystickOnly.uexp" 600
"../../../Engine/Content/MobileResources/HUD/MobileHUDButton1_off.uasset" 601
"../../../Engine/Content/MobileResources/HUD/MobileHUDButton1_off.uexp" 602
"../../../Engine/Content/MobileResources/HUD/MobileHUDButton1_on.uasset" 603
"../../../Engine/Content/MobileResources/HUD/MobileHUDButton1_on.uexp" 604
"../../../Engine/Content/MobileResources/HUD/MobileHUDButton2_off.uasset" 605
"../../../Engine/Content/MobileResources/HUD/MobileHUDButton2_off.uexp" 606
"../../../Engine/Content/MobileResources/HUD/MobileHUDButton2_on.uasset" 607
"../../../Engine/Content/MobileResources/HUD/MobileHUDButton2_on.uexp" 608
"../../../Engine/Content/MobileResources/HUD/MobileHUDButton3.uasset" 609
"../../../Engine/Content/MobileResources/HUD/MobileHUDButton3.uexp" 610
"../../../Engine/Content/MobileResources/HUD/MobileHUDButtonFire.uasset" 611
"../../../Engine/Content/MobileResources/HUD/MobileHUDButtonFire.uexp" 612
"../../../Engine/Content/MobileResources/HUD/MobileHUDDirectionPad.uasset" 613
"../../../Engine/Content/MobileResources/HUD/MobileHUDDirectionPad.uexp" 614
"../../../Engine/Content/MobileResources/HUD/MobileHUDDirectionPad2.uasset" 615
"../../../Engine/Content/MobileResources/HUD/MobileHUDDirectionPad2.uexp" 616
"../../../Engine/Content/MobileResources/HUD/MobileHUDDirectionPad3.uasset" 617
"../../../Engine/Content/MobileResources/HUD/MobileHUDDirectionPad3.uexp" 618
"../../../Engine/Content/MobileResources/HUD/MobileHUDDirectionStick.uasset" 619
"../../../Engine/Content/MobileResources/HUD/MobileHUDDirectionStick.uexp" 620
"../../../Engine/Content/MobileResources/HUD/T_Castle_ThumbstickInner.uasset" 621
"../../../Engine/Content/MobileResources/HUD/T_Castle_ThumbstickInner.uexp" 622
"../../../Engine/Content/MobileResources/HUD/T_Castle_ThumbstickOutter.uasset" 623
"../../../Engine/Content/MobileResources/HUD/T_Castle_ThumbstickOutter.uexp" 624
"../../../Engine/Content/Tutorial/ContentIntroCurve.uasset" 625
"../../../Engine/Content/Tutorial/ContentIntroCurve.uexp" 626
"../../../Engine/Content/Tutorial/Mobile/TutorialAssets/IOS.uasset" 627
"../../../Engine/Content/Tutorial/Mobile/TutorialAssets/IOS.uexp" 628
"../../../Engine/Content/VREditor/TransformGizmo/TranslucentTransformGizmoMaterial.uasset" 629
"../../../Engine/Content/VREditor/TransformGizmo/TranslucentTransformGizmoMaterial.uexp" 630
"../../../Engine/Content/VREditor/LaserPointer/VR_LaserPower_01.uasset" 631
"../../../Engine/Content/VREditor/LaserPointer/VR_LaserPower_01.uexp" 632
"../../../Engine/Content/VREditor/LaserPointer/VR_LaserPower_01.ubulk" 633
"../../../Engine/Content/VREditor/TransformGizmo/TransformGizmoMaterial.uasset" 634
"../../../Engine/Content/VREditor/TransformGizmo/TransformGizmoMaterial.uexp" 635
"../../../Engine/Content/VREditor/TransformGizmo/BoundingBoxCorner.uasset" 636
"../../../Engine/Content/VREditor/TransformGizmo/BoundingBoxCorner.uexp" 637
"../../../Engine/Content/VREditor/TransformGizmo/BoundingBoxEdge.uasset" 638
"../../../Engine/Content/VREditor/TransformGizmo/BoundingBoxEdge.uexp" 639
"../../../Engine/Content/VREditor/TransformGizmo/PlaneTranslationHandle.uasset" 640
"../../../Engine/Content/VREditor/TransformGizmo/PlaneTranslationHandle.uexp" 641
"../../../Engine/Content/VREditor/TransformGizmo/Xray.uasset" 642
"../../../Engine/Content/VREditor/TransformGizmo/Xray.uexp" 643
"../../../Engine/Content/VREditor/TransformGizmo/Main.uasset" 644
"../../../Engine/Content/VREditor/TransformGizmo/Main.uexp" 645
"../../../Engine/Content/VREditor/TransformGizmo/SM_Sequencer_Key.uasset" 646
"../../../Engine/Content/VREditor/TransformGizmo/SM_Sequencer_Key.uexp" 647
"../../../Engine/Content/VREditor/TransformGizmo/SM_Sequencer_Node.uasset" 648
"../../../Engine/Content/VREditor/TransformGizmo/SM_Sequencer_Node.uexp" 649
"../../../Engine/Plugins/2D/Paper2D/Content/PlaceholderTextures/DummySpriteTexture.uasset" 650
"../../../Engine/Plugins/2D/Paper2D/Content/PlaceholderTextures/DummySpriteTexture.uexp" 651
"../../../Engine/Plugins/2D/Paper2D/Content/PlaceholderTextures/DummySpriteTexture.ubulk" 652
"../../../Engine/Plugins/2D/Paper2D/Content/DummySprite.uasset" 653
"../../../Engine/Plugins/2D/Paper2D/Content/DummySprite.uexp" 654
"../../../Engine/Plugins/2D/Paper2D/Content/DefaultPaperTerrainMaterial.uasset" 655
"../../../Engine/Plugins/2D/Paper2D/Content/DefaultPaperTerrainMaterial.uexp" 656
"../../../Engine/Plugins/2D/Paper2D/Content/DefaultSpriteMaterial.uasset" 657
"../../../Engine/Plugins/2D/Paper2D/Content/DefaultSpriteMaterial.uexp" 658
"../../../Engine/Plugins/2D/Paper2D/Content/MaskedUnlitSpriteMaterial.uasset" 659
"../../../Engine/Plugins/2D/Paper2D/Content/MaskedUnlitSpriteMaterial.uexp" 660
"../../../Engine/Plugins/2D/Paper2D/Content/OpaqueUnlitSpriteMaterial.uasset" 661
"../../../Engine/Plugins/2D/Paper2D/Content/OpaqueUnlitSpriteMaterial.uexp" 662
"../../../Engine/Content/Functions/Engine_MaterialFunctions02/Utility/VectorLength.uasset" 663
"../../../Engine/Content/Functions/Engine_MaterialFunctions02/Utility/VectorLength.uexp" 664
"../../../Engine/Content/Functions/Engine_MaterialFunctions02/ObjectLocalBounds.uasset" 665
"../../../Engine/Content/Functions/Engine_MaterialFunctions02/ObjectLocalBounds.uexp" 666
"../../../Engine/Content/Functions/Engine_MaterialFunctions02/WorldPositionOffset/ObjectScale.uasset" 667
"../../../Engine/Content/Functions/Engine_MaterialFunctions02/WorldPositionOffset/ObjectScale.uexp" 668
"../../../Engine/Content/Functions/Engine_MaterialFunctions02/Utility/BreakOutFloat3Components.uasset" 669
"../../../Engine/Content/Functions/Engine_MaterialFunctions02/Utility/BreakOutFloat3Components.uexp" 670
"../../../Engine/Plugins/Editor/SpeedTreeImporter/Content/SpeedTree9/UnpackInteger3.uasset" 671
"../../../Engine/Plugins/Editor/SpeedTreeImporter/Content/SpeedTree9/UnpackInteger3.uexp" 672
"../../../Engine/Plugins/Editor/SpeedTreeImporter/Content/SpeedTree9/UnpackDirection.uasset" 673
"../../../Engine/Plugins/Editor/SpeedTreeImporter/Content/SpeedTree9/UnpackDirection.uexp" 674
"../../../Engine/Plugins/Editor/SpeedTreeImporter/Content/SpeedTree9/game_wind_noise.uasset" 675
"../../../Engine/Plugins/Editor/SpeedTreeImporter/Content/SpeedTree9/game_wind_noise.uexp" 676
"../../../Engine/Plugins/Editor/SpeedTreeImporter/Content/SpeedTree9/game_wind_noise.ubulk" 677
"../../../Engine/Content/Functions/Engine_MaterialFunctions02/SafeNormalize.uasset" 678
"../../../Engine/Content/Functions/Engine_MaterialFunctions02/SafeNormalize.uexp" 679
"../../../Engine/Plugins/Editor/SpeedTreeImporter/Content/SpeedTree9/SpeedTreeWindMotion.uasset" 680
"../../../Engine/Plugins/Editor/SpeedTreeImporter/Content/SpeedTree9/SpeedTreeWindMotion.uexp" 681
"../../../Engine/Plugins/Editor/SpeedTreeImporter/Content/SpeedTree9/SpeedTreeBranchMotion.uasset" 682
"../../../Engine/Plugins/Editor/SpeedTreeImporter/Content/SpeedTree9/SpeedTreeBranchMotion.uexp" 683
"../../../Engine/Content/Functions/Engine_MaterialFunctions02/UVs/BoundingBoxBased_0-1_UVW.uasset" 684
"../../../Engine/Content/Functions/Engine_MaterialFunctions02/UVs/BoundingBoxBased_0-1_UVW.uexp" 685
"../../../Engine/Plugins/Editor/SpeedTreeImporter/Content/SpeedTree9/SpeedTreeWind.uasset" 686
"../../../Engine/Plugins/Editor/SpeedTreeImporter/Content/SpeedTree9/SpeedTreeWind.uexp" 687
"../../../Engine/Plugins/Editor/SpeedTreeImporter/Content/SpeedTree9/SpeedTreeBillboard.uasset" 688
"../../../Engine/Plugins/Editor/SpeedTreeImporter/Content/SpeedTree9/SpeedTreeBillboard.uexp" 689
"../../../Engine/Plugins/Editor/SpeedTreeImporter/Content/SpeedTree9/EmptyNormal.uasset" 690
"../../../Engine/Plugins/Editor/SpeedTreeImporter/Content/SpeedTree9/EmptyNormal.uexp" 691
"../../../Engine/Plugins/Editor/SpeedTreeImporter/Content/SpeedTree9/Empty.uasset" 692
"../../../Engine/Plugins/Editor/SpeedTreeImporter/Content/SpeedTree9/Empty.uexp" 693
"../../../Engine/Plugins/Editor/SpeedTreeImporter/Content/SpeedTree9/SpeedTreeBillboardMaster.uasset" 694
"../../../Engine/Plugins/Editor/SpeedTreeImporter/Content/SpeedTree9/SpeedTreeBillboardMaster.uexp" 695
"../../../Engine/Plugins/Editor/SpeedTreeImporter/Content/SpeedTree9/SpeedTreeCameraFacing.uasset" 696
"../../../Engine/Plugins/Editor/SpeedTreeImporter/Content/SpeedTree9/SpeedTreeCameraFacing.uexp" 697
"../../../Engine/Plugins/Editor/SpeedTreeImporter/Content/SpeedTree9/SpeedTreeMaster.uasset" 698
"../../../Engine/Plugins/Editor/SpeedTreeImporter/Content/SpeedTree9/SpeedTreeMaster.uexp" 699
"../../../Engine/Content/BasicShapes/Cylinder.uasset" 700
"../../../Engine/Content/BasicShapes/Cylinder.uexp" 701
"../../../Engine/Content/ArtTools/RenderToTexture/Materials/Debug/M_Emissive_Color.uasset" 702
"../../../Engine/Content/ArtTools/RenderToTexture/Materials/Debug/M_Emissive_Color.uexp" 703
"../../../Engine/Plugins/Lumin/MagicLeapPassableWorld/Content/MagicLeapARPinInfoActor.uasset" 704
"../../../Engine/Plugins/Lumin/MagicLeapPassableWorld/Content/MagicLeapARPinInfoActor.uexp" 705
"../../../Engine/Plugins/Runtime/OpenXR/Content/Devices/GoogleDaydream/MRTexture.uasset" 706
"../../../Engine/Plugins/Runtime/OpenXR/Content/Devices/GoogleDaydream/MRTexture.uexp" 707
"../../../Engine/Plugins/Runtime/OpenXR/Content/Devices/GoogleDaydream/MRTexture.ubulk" 708
"../../../Engine/Plugins/Runtime/OpenXR/Content/Devices/GoogleDaydream/BaseTexture.uasset" 709
"../../../Engine/Plugins/Runtime/OpenXR/Content/Devices/GoogleDaydream/BaseTexture.uexp" 710
"../../../Engine/Plugins/Runtime/OpenXR/Content/Devices/GoogleDaydream/BaseTexture.ubulk" 711
"../../../Engine/Content/EngineResources/Black.uasset" 712
"../../../Engine/Content/EngineResources/Black.uexp" 713
"../../../Engine/Plugins/Runtime/OpenXR/Content/Devices/M_XRController.uasset" 714
"../../../Engine/Plugins/Runtime/OpenXR/Content/Devices/M_XRController.uexp" 715
"../../../Engine/Plugins/Runtime/OpenXR/Content/Devices/GoogleDaydream/MI_GoogleDaydream.uasset" 716
"../../../Engine/Plugins/Runtime/OpenXR/Content/Devices/GoogleDaydream/MI_GoogleDaydream.uexp" 717
"../../../Engine/Plugins/Runtime/OpenXR/Content/Devices/GoogleDaydream/GoogleDaydreamController.uasset" 718
"../../../Engine/Plugins/Runtime/OpenXR/Content/Devices/GoogleDaydream/GoogleDaydreamController.uexp" 719
"../../../Engine/Plugins/Runtime/OpenXR/Content/Devices/HTCVive/BaseTexture.uasset" 720
"../../../Engine/Plugins/Runtime/OpenXR/Content/Devices/HTCVive/BaseTexture.uexp" 721
"../../../Engine/Plugins/Runtime/OpenXR/Content/Devices/HTCVive/BaseTexture.ubulk" 722
"../../../Engine/Plugins/Runtime/OpenXR/Content/Devices/HTCVive/MI_HTCVive.uasset" 723
"../../../Engine/Plugins/Runtime/OpenXR/Content/Devices/HTCVive/MI_HTCVive.uexp" 724
"../../../Engine/Plugins/Runtime/OpenXR/Content/Devices/HTCVive/HTCViveController.uasset" 725
"../../../Engine/Plugins/Runtime/OpenXR/Content/Devices/HTCVive/HTCViveController.uexp" 726
"../../../Engine/Plugins/Runtime/OpenXR/Content/Devices/MicrosoftMixedReality/NormalTexture.uasset" 727
"../../../Engine/Plugins/Runtime/OpenXR/Content/Devices/MicrosoftMixedReality/NormalTexture.uexp" 728
"../../../Engine/Plugins/Runtime/OpenXR/Content/Devices/MicrosoftMixedReality/NormalTexture.ubulk" 729
"../../../Engine/Plugins/Runtime/OpenXR/Content/Devices/MicrosoftMixedReality/MRTexture.uasset" 730
"../../../Engine/Plugins/Runtime/OpenXR/Content/Devices/MicrosoftMixedReality/MRTexture.uexp" 731
"../../../Engine/Plugins/Runtime/OpenXR/Content/Devices/MicrosoftMixedReality/MRTexture.ubulk" 732
"../../../Engine/Plugins/Runtime/OpenXR/Content/Devices/MicrosoftMixedReality/EmissiveTexture.uasset" 733
"../../../Engine/Plugins/Runtime/OpenXR/Content/Devices/MicrosoftMixedReality/EmissiveTexture.uexp" 734
"../../../Engine/Plugins/Runtime/OpenXR/Content/Devices/MicrosoftMixedReality/EmissiveTexture.ubulk" 735
"../../../Engine/Plugins/Runtime/OpenXR/Content/Devices/MicrosoftMixedReality/BaseTexture.uasset" 736
"../../../Engine/Plugins/Runtime/OpenXR/Content/Devices/MicrosoftMixedReality/BaseTexture.uexp" 737
"../../../Engine/Plugins/Runtime/OpenXR/Content/Devices/MicrosoftMixedReality/BaseTexture.ubulk" 738
"../../../Engine/Plugins/Runtime/OpenXR/Content/Devices/MicrosoftMixedReality/MI_MicrosoftMixedReality.uasset" 739
"../../../Engine/Plugins/Runtime/OpenXR/Content/Devices/MicrosoftMixedReality/MI_MicrosoftMixedReality.uexp" 740
"../../../Engine/Plugins/Runtime/OpenXR/Content/Devices/MicrosoftMixedReality/Left/left_MicrosoftMixedRealityController.uasset" 741
"../../../Engine/Plugins/Runtime/OpenXR/Content/Devices/MicrosoftMixedReality/Left/left_MicrosoftMixedRealityController.uexp" 742
"../../../Engine/Plugins/Runtime/OpenXR/Content/Devices/MicrosoftMixedReality/Right/right_MicrosoftMixedRealityController.uasset" 743
"../../../Engine/Plugins/Runtime/OpenXR/Content/Devices/MicrosoftMixedReality/Right/right_MicrosoftMixedRealityController.uexp" 744
"../../../Engine/Plugins/Runtime/OpenXR/Content/Devices/OculusGo/BaseTexture.uasset" 745
"../../../Engine/Plugins/Runtime/OpenXR/Content/Devices/OculusGo/BaseTexture.uexp" 746
"../../../Engine/Plugins/Runtime/OpenXR/Content/Devices/OculusGo/BaseTexture.ubulk" 747
"../../../Engine/Plugins/Runtime/OpenXR/Content/Devices/OculusGo/MI_OculusGo.uasset" 748
"../../../Engine/Plugins/Runtime/OpenXR/Content/Devices/OculusGo/MI_OculusGo.uexp" 749
"../../../Engine/Plugins/Runtime/OpenXR/Content/Devices/OculusGo/OculusGoController.uasset" 750
"../../../Engine/Plugins/Runtime/OpenXR/Content/Devices/OculusGo/OculusGoController.uexp" 751
"../../../Engine/Plugins/Runtime/OpenXR/Content/Devices/OculusTouch/MRTexture.uasset" 752
"../../../Engine/Plugins/Runtime/OpenXR/Content/Devices/OculusTouch/MRTexture.uexp" 753
"../../../Engine/Plugins/Runtime/OpenXR/Content/Devices/OculusTouch/MRTexture.ubulk" 754
"../../../Engine/Plugins/Runtime/OpenXR/Content/Devices/OculusTouch/BaseTexture.uasset" 755
"../../../Engine/Plugins/Runtime/OpenXR/Content/Devices/OculusTouch/BaseTexture.uexp" 756
"../../../Engine/Plugins/Runtime/OpenXR/Content/Devices/OculusTouch/BaseTexture.ubulk" 757
"../../../Engine/Plugins/Runtime/OpenXR/Content/Devices/OculusTouch/MI_OculusTouch.uasset" 758
"../../../Engine/Plugins/Runtime/OpenXR/Content/Devices/OculusTouch/MI_OculusTouch.uexp" 759
"../../../Engine/Plugins/Runtime/OpenXR/Content/Devices/OculusTouch/Left/left_OculusTouchController.uasset" 760
"../../../Engine/Plugins/Runtime/OpenXR/Content/Devices/OculusTouch/Left/left_OculusTouchController.uexp" 761
"../../../Engine/Plugins/Runtime/OpenXR/Content/Devices/OculusTouch/Right/right_OculusTouchController.uasset" 762
"../../../Engine/Plugins/Runtime/OpenXR/Content/Devices/OculusTouch/Right/right_OculusTouchController.uexp" 763
"../../../Engine/Plugins/Runtime/OpenXR/Content/Devices/OculusTouch_v2/MRTexture.uasset" 764
"../../../Engine/Plugins/Runtime/OpenXR/Content/Devices/OculusTouch_v2/MRTexture.uexp" 765
"../../../Engine/Plugins/Runtime/OpenXR/Content/Devices/OculusTouch_v2/MRTexture.ubulk" 766
"../../../Engine/Plugins/Runtime/OpenXR/Content/Devices/OculusTouch_v2/BaseTexture.uasset" 767
"../../../Engine/Plugins/Runtime/OpenXR/Content/Devices/OculusTouch_v2/BaseTexture.uexp" 768
"../../../Engine/Plugins/Runtime/OpenXR/Content/Devices/OculusTouch_v2/BaseTexture.ubulk" 769
"../../../Engine/Plugins/Runtime/OpenXR/Content/Devices/OculusTouch_v2/MI_OculusTouch_v2.uasset" 770
"../../../Engine/Plugins/Runtime/OpenXR/Content/Devices/OculusTouch_v2/MI_OculusTouch_v2.uexp" 771
"../../../Engine/Plugins/Runtime/OpenXR/Content/Devices/OculusTouch_v2/Left/left_OculusTouch_v2Controller.uasset" 772
"../../../Engine/Plugins/Runtime/OpenXR/Content/Devices/OculusTouch_v2/Left/left_OculusTouch_v2Controller.uexp" 773
"../../../Engine/Plugins/Runtime/OpenXR/Content/Devices/OculusTouch_v2/Right/right_OculusTouch_v2Controller.uasset" 774
"../../../Engine/Plugins/Runtime/OpenXR/Content/Devices/OculusTouch_v2/Right/right_OculusTouch_v2Controller.uexp" 775
"../../../Engine/Plugins/Runtime/OpenXR/Content/Devices/OculusTouch_v3/MRTexture.uasset" 776
"../../../Engine/Plugins/Runtime/OpenXR/Content/Devices/OculusTouch_v3/MRTexture.uexp" 777
"../../../Engine/Plugins/Runtime/OpenXR/Content/Devices/OculusTouch_v3/MRTexture.ubulk" 778
"../../../Engine/Plugins/Runtime/OpenXR/Content/Devices/OculusTouch_v3/BaseTexture.uasset" 779
"../../../Engine/Plugins/Runtime/OpenXR/Content/Devices/OculusTouch_v3/BaseTexture.uexp" 780
"../../../Engine/Plugins/Runtime/OpenXR/Content/Devices/OculusTouch_v3/BaseTexture.ubulk" 781
"../../../Engine/Plugins/Runtime/OpenXR/Content/Devices/OculusTouch_v3/MI_OculusTouch_v3.uasset" 782
"../../../Engine/Plugins/Runtime/OpenXR/Content/Devices/OculusTouch_v3/MI_OculusTouch_v3.uexp" 783
"../../../Engine/Plugins/Runtime/OpenXR/Content/Devices/OculusTouch_v3/Left/left_OculusTouch_v3Controller.uasset" 784
"../../../Engine/Plugins/Runtime/OpenXR/Content/Devices/OculusTouch_v3/Left/left_OculusTouch_v3Controller.uexp" 785
"../../../Engine/Plugins/Runtime/OpenXR/Content/Devices/OculusTouch_v3/Right/right_OculusTouch_v3Controller.uasset" 786
"../../../Engine/Plugins/Runtime/OpenXR/Content/Devices/OculusTouch_v3/Right/right_OculusTouch_v3Controller.uexp" 787
"../../../Engine/Plugins/Runtime/OpenXR/Content/Devices/ValveIndex/MRTexture.uasset" 788
"../../../Engine/Plugins/Runtime/OpenXR/Content/Devices/ValveIndex/MRTexture.uexp" 789
"../../../Engine/Plugins/Runtime/OpenXR/Content/Devices/ValveIndex/MRTexture.ubulk" 790
"../../../Engine/Plugins/Runtime/OpenXR/Content/Devices/ValveIndex/BaseTexture.uasset" 791
"../../../Engine/Plugins/Runtime/OpenXR/Content/Devices/ValveIndex/BaseTexture.uexp" 792
"../../../Engine/Plugins/Runtime/OpenXR/Content/Devices/ValveIndex/BaseTexture.ubulk" 793
"../../../Engine/Plugins/Runtime/OpenXR/Content/Devices/ValveIndex/Left/MI_left_ValveIndex.uasset" 794
"../../../Engine/Plugins/Runtime/OpenXR/Content/Devices/ValveIndex/Left/MI_left_ValveIndex.uexp" 795
"../../../Engine/Plugins/Runtime/OpenXR/Content/Devices/ValveIndex/Left/left_ValveIndexController.uasset" 796
"../../../Engine/Plugins/Runtime/OpenXR/Content/Devices/ValveIndex/Left/left_ValveIndexController.uexp" 797
"../../../Engine/Plugins/Runtime/OpenXR/Content/Devices/ValveIndex/Right/MI_right_ValveIndex.uasset" 798
"../../../Engine/Plugins/Runtime/OpenXR/Content/Devices/ValveIndex/Right/MI_right_ValveIndex.uexp" 799
"../../../Engine/Plugins/Runtime/OpenXR/Content/Devices/ValveIndex/Right/right_ValveIndexController.uasset" 800
"../../../Engine/Plugins/Runtime/OpenXR/Content/Devices/ValveIndex/Right/right_ValveIndexController.uexp" 801
"../../../Engine/Plugins/Runtime/WebBrowserWidget/Content/WebTexture_T.uasset" 802
"../../../Engine/Plugins/Runtime/WebBrowserWidget/Content/WebTexture_T.uexp" 803
"../../../Engine/Plugins/Runtime/WebBrowserWidget/Content/WebTexture_M.uasset" 804
"../../../Engine/Plugins/Runtime/WebBrowserWidget/Content/WebTexture_M.uexp" 805
"../../../Engine/Plugins/Runtime/WebBrowserWidget/Content/WebTexture_TM.uasset" 806
"../../../Engine/Plugins/Runtime/WebBrowserWidget/Content/WebTexture_TM.uexp" 807
"../../../Engine/Plugins/Enterprise/DatasmithContent/Content/Materials/TileMirrorAxis.uasset" 808
"../../../Engine/Plugins/Enterprise/DatasmithContent/Content/Materials/TileMirrorAxis.uexp" 809
"../../../Engine/Content/Functions/Engine_MaterialFunctions02/Texturing/CustomRotator.uasset" 810
"../../../Engine/Content/Functions/Engine_MaterialFunctions02/Texturing/CustomRotator.uexp" 811
"../../../Engine/Plugins/Enterprise/DatasmithContent/Content/Materials/UVEdit.uasset" 812
"../../../Engine/Plugins/Enterprise/DatasmithContent/Content/Materials/UVEdit.uexp" 813
"../../../Engine/Plugins/Enterprise/DatasmithContent/Content/Materials/C4DMasterUV.uasset" 814
"../../../Engine/Plugins/Enterprise/DatasmithContent/Content/Materials/C4DMasterUV.uexp" 815
"../../../Engine/Content/Functions/Engine_MaterialFunctions01/Texturing/FlattenNormal.uasset" 816
"../../../Engine/Content/Functions/Engine_MaterialFunctions01/Texturing/FlattenNormal.uexp" 817
"../../../Engine/Content/Functions/Engine_MaterialFunctions02/HueShift.uasset" 818
"../../../Engine/Content/Functions/Engine_MaterialFunctions02/HueShift.uexp" 819
"../../../Engine/Content/EngineMaterials/T_Default_Normal.uasset" 820
"../../../Engine/Content/EngineMaterials/T_Default_Normal.uexp" 821
"../../../Engine/Content/EngineMaterials/T_Default_Normal.ubulk" 822
"../../../Engine/Content/ArtTools/RenderToTexture/Textures/127grey.uasset" 823
"../../../Engine/Content/ArtTools/RenderToTexture/Textures/127grey.uexp" 824
"../../../Engine/Content/EditorLandscapeResources/WhiteSquareTexture.uasset" 825
"../../../Engine/Content/EditorLandscapeResources/WhiteSquareTexture.uexp" 826
"../../../Engine/Plugins/Enterprise/DatasmithContent/Content/Materials/C4DMaster.uasset" 827
"../../../Engine/Plugins/Enterprise/DatasmithContent/Content/Materials/C4DMaster.uexp" 828
"../../../Engine/Content/EngineMaterials/FlatNormal.uasset" 829
"../../../Engine/Content/EngineMaterials/FlatNormal.uexp" 830
"../../../Engine/Plugins/Enterprise/DatasmithContent/Content/Materials/CE_BaseMaster.uasset" 831
"../../../Engine/Plugins/Enterprise/DatasmithContent/Content/Materials/CE_BaseMaster.uexp" 832
"../../../Engine/Plugins/Enterprise/DatasmithContent/Content/Materials/CE_OpacityMaster.uasset" 833
"../../../Engine/Plugins/Enterprise/DatasmithContent/Content/Materials/CE_OpacityMaster.uexp" 834
"../../../Engine/Plugins/Enterprise/DatasmithContent/Content/Materials/CE_OpacitySimpleMaster.uasset" 835
"../../../Engine/Plugins/Enterprise/DatasmithContent/Content/Materials/CE_OpacitySimpleMaster.uexp" 836
"../../../Engine/Plugins/Enterprise/DatasmithContent/Content/Materials/CE_OpaqueMaster.uasset" 837
"../../../Engine/Plugins/Enterprise/DatasmithContent/Content/Materials/CE_OpaqueMaster.uexp" 838
"../../../Engine/Content/Functions/Engine_MaterialFunctions03/Procedurals/NormalFromHeightmap.uasset" 839
"../../../Engine/Content/Functions/Engine_MaterialFunctions03/Procedurals/NormalFromHeightmap.uexp" 840
"../../../Engine/Content/EngineResources/DefaultTexture.uasset" 841
"../../../Engine/Content/EngineResources/DefaultTexture.uexp" 842
"../../../Engine/Content/EngineResources/DefaultTexture.ubulk" 843
"../../../Engine/Plugins/Enterprise/DatasmithContent/Content/Materials/RevitMaster.uasset" 844
"../../../Engine/Plugins/Enterprise/DatasmithContent/Content/Materials/RevitMaster.uexp" 845
"../../../Engine/Plugins/Enterprise/DatasmithContent/Content/Materials/SketchUpMaster.uasset" 846
"../../../Engine/Plugins/Enterprise/DatasmithContent/Content/Materials/SketchUpMaster.uexp" 847
"../../../Engine/Content/Functions/Engine_MaterialFunctions02/Utility/BreakOutFloat4Components.uasset" 848
"../../../Engine/Content/Functions/Engine_MaterialFunctions02/Utility/BreakOutFloat4Components.uexp" 849
"../../../Engine/Content/Functions/Engine_MaterialFunctions02/Utility/MakeFloat3.uasset" 850
"../../../Engine/Content/Functions/Engine_MaterialFunctions02/Utility/MakeFloat3.uexp" 851
"../../../Engine/Plugins/Runtime/Oculus/OculusVR/Content/Materials/OculusMR_ChromaKey.uasset" 852
"../../../Engine/Plugins/Runtime/Oculus/OculusVR/Content/Materials/OculusMR_ChromaKey.uexp" 853
"../../../Engine/Plugins/Runtime/Oculus/OculusVR/Content/Materials/OculusMR_OpaqueColoredMaterial.uasset" 854
"../../../Engine/Plugins/Runtime/Oculus/OculusVR/Content/Materials/OculusMR_OpaqueColoredMaterial.uexp" 855
"../../../Engine/Plugins/Runtime/Oculus/OculusVR/Content/Materials/PokeAHoleMaterial.uasset" 856
"../../../Engine/Plugins/Runtime/Oculus/OculusVR/Content/Materials/PokeAHoleMaterial.uexp" 857
"../../../Engine/Plugins/Runtime/Oculus/OculusVR/Content/Textures/touchController_controlmap.uasset" 858
"../../../Engine/Plugins/Runtime/Oculus/OculusVR/Content/Textures/touchController_controlmap.uexp" 859
"../../../Engine/Plugins/Runtime/Oculus/OculusVR/Content/Textures/touchController_controlmap.ubulk" 860
"../../../Engine/Plugins/Runtime/Oculus/OculusVR/Content/Textures/touchController_albedo.uasset" 861
"../../../Engine/Plugins/Runtime/Oculus/OculusVR/Content/Textures/touchController_albedo.uexp" 862
"../../../Engine/Plugins/Runtime/Oculus/OculusVR/Content/Textures/touchController_albedo.ubulk" 863
"../../../Engine/Plugins/Runtime/Oculus/OculusVR/Content/Materials/touchController_mat.uasset" 864
"../../../Engine/Plugins/Runtime/Oculus/OculusVR/Content/Materials/touchController_mat.uexp" 865
"../../../Engine/Plugins/Runtime/Oculus/OculusVR/Content/Meshes/LeftTouchController.uasset" 866
"../../../Engine/Plugins/Runtime/Oculus/OculusVR/Content/Meshes/LeftTouchController.uexp" 867
"../../../Engine/Plugins/Runtime/Oculus/OculusVR/Content/Textures/TouchForQuestRiftSController_albedo.uasset" 868
"../../../Engine/Plugins/Runtime/Oculus/OculusVR/Content/Textures/TouchForQuestRiftSController_albedo.uexp" 869
"../../../Engine/Plugins/Runtime/Oculus/OculusVR/Content/Textures/TouchForQuestRiftSController_albedo.ubulk" 870
"../../../Engine/Plugins/Runtime/Oculus/OculusVR/Content/Materials/TouchForQuestRiftSControllerMaterial.uasset" 871
"../../../Engine/Plugins/Runtime/Oculus/OculusVR/Content/Materials/TouchForQuestRiftSControllerMaterial.uexp" 872
"../../../Engine/Plugins/Runtime/Oculus/OculusVR/Content/Meshes/LeftTouchForQuestRiftSController.uasset" 873
"../../../Engine/Plugins/Runtime/Oculus/OculusVR/Content/Meshes/LeftTouchForQuestRiftSController.uexp" 874
"../../../Engine/Plugins/Runtime/Oculus/OculusVR/Content/Meshes/RiftHMD.uasset" 875
"../../../Engine/Plugins/Runtime/Oculus/OculusVR/Content/Meshes/RiftHMD.uexp" 876
"../../../Engine/Plugins/Runtime/Oculus/OculusVR/Content/Meshes/RightTouchController.uasset" 877
"../../../Engine/Plugins/Runtime/Oculus/OculusVR/Content/Meshes/RightTouchController.uexp" 878
"../../../Engine/Plugins/Runtime/Oculus/OculusVR/Content/Meshes/RightTouchForQuestRiftSController.uasset" 879
"../../../Engine/Plugins/Runtime/Oculus/OculusVR/Content/Meshes/RightTouchForQuestRiftSController.uexp" 880
"E:/Downloads/MultiMod/MultiModUEProject/Content/Mods/MultiMod/MenuSettings.uasset" 881
"E:/Downloads/MultiMod/MultiModUEProject/Content/Mods/MultiMod/MenuSettings.uexp" 882
"E:/Downloads/MultiMod/MultiModUEProject/Content/Blueprints/Player/Cassie.uasset" 883
"E:/Downloads/MultiMod/MultiModUEProject/Content/Blueprints/Player/Cassie.uexp" 884
"E:/Downloads/MultiMod/MultiModUEProject/Content/Blueprints/Player/Gregory.uasset" 885
"E:/Downloads/MultiMod/MultiModUEProject/Content/Blueprints/Player/Gregory.uexp" 886
"E:/Downloads/MultiMod/MultiModUEProject/Content/Blueprints/Player/Freddy.uasset" 887
"E:/Downloads/MultiMod/MultiModUEProject/Content/Blueprints/Player/Freddy.uexp" 888
"E:/Downloads/MultiMod/MultiModUEProject/Content/Mods/MultiMod/ThisIsAPlayer.uasset" 889
"E:/Downloads/MultiMod/MultiModUEProject/Content/Mods/MultiMod/ThisIsAPlayer.uexp" 890
"../../../Engine/Content/EditorBlueprintResources/StandardMacros.uasset" 891
"../../../Engine/Content/EditorBlueprintResources/StandardMacros.uexp" 892
"../../../Engine/Content/EngineFonts/Faces/RobotoTiny.uasset" 893
"../../../Engine/Content/EngineFonts/Faces/RobotoTiny.uexp" 894
"../../../Engine/Content/EngineFonts/Faces/RobotoTiny.ufont" 895
"../../../Engine/Content/EngineFonts/RobotoTiny.uasset" 896
"../../../Engine/Content/EngineFonts/RobotoTiny.uexp" 897
"E:/Downloads/MultiMod/MultiModUEProject/Content/Mods/MultiMod/ChatWid.uasset" 898
"E:/Downloads/MultiMod/MultiModUEProject/Content/Mods/MultiMod/ChatWid.uexp" 899
"E:/Downloads/MultiMod/MultiModUEProject/Content/Mods/MultiMod/ModActor.uasset" 900
"E:/Downloads/MultiMod/MultiModUEProject/Content/Mods/MultiMod/ModActor.uexp" 901
"E:/Downloads/MultiMod/MultiModUEProject/Content/Blank.uexp" 902
"E:/Downloads/MultiMod/MultiModUEProject/Content/Blank.umap" 903
"../../../Engine/Content/Maps/Entry_BuiltData.uasset" 904
"../../../Engine/Content/Maps/Entry_BuiltData.uexp" 905
"../../../Engine/Content/Maps/Entry.uexp" 906
"../../../Engine/Content/Maps/Entry.umap" 907
